Copyright 1986-2022 Xilinx, Inc. All Rights Reserved.
------------------------------------------------------------------------------------
| Tool Version : Vivado v.2022.2 (win64) Build 3671981 Fri Oct 14 05:00:03 MDT 2022
| Date         : Fri Nov  3 22:39:00 2023
| Host         : rocksmashgood running 64-bit major release  (build 9200)
| Command      : upgrade_ip
| Device       : xc7s50csga324-1
------------------------------------------------------------------------------------

Upgrade Log for IP 'mb_block_hdmi_text_controller_0_24'

1. Summary
----------

SUCCESS in the upgrade of mb_block_hdmi_text_controller_0_24 (xilinx.com:user:hdmi_text_controller:1.0) from (Rev. 122) to (Rev. 123)






Copyright 1986-2022 Xilinx, Inc. All Rights Reserved.
------------------------------------------------------------------------------------
| Tool Version : Vivado v.2022.2 (win64) Build 3671981 Fri Oct 14 05:00:03 MDT 2022
| Date         : Fri Nov  3 22:13:50 2023
| Host         : rocksmashgood running 64-bit major release  (build 9200)
| Command      : upgrade_ip
| Device       : xc7s50csga324-1
------------------------------------------------------------------------------------

Upgrade Log for IP 'mb_block_hdmi_text_controller_0_24'

1. Summary
----------

SUCCESS in the upgrade of mb_block_hdmi_text_controller_0_24 (xilinx.com:user:hdmi_text_controller:1.0) from (Rev. 121) to (Rev. 122)






Copyright 1986-2022 Xilinx, Inc. All Rights Reserved.
------------------------------------------------------------------------------------
| Tool Version : Vivado v.2022.2 (win64) Build 3671981 Fri Oct 14 05:00:03 MDT 2022
| Date         : Fri Nov  3 22:01:36 2023
| Host         : rocksmashgood running 64-bit major release  (build 9200)
| Command      : upgrade_ip
| Device       : xc7s50csga324-1
------------------------------------------------------------------------------------

Upgrade Log for IP 'mb_block_hdmi_text_controller_0_24'

1. Summary
----------

SUCCESS in the upgrade of mb_block_hdmi_text_controller_0_24 (xilinx.com:user:hdmi_text_controller:1.0) from (Rev. 120) to (Rev. 121)






Copyright 1986-2022 Xilinx, Inc. All Rights Reserved.
------------------------------------------------------------------------------------
| Tool Version : Vivado v.2022.2 (win64) Build 3671981 Fri Oct 14 05:00:03 MDT 2022
| Date         : Fri Nov  3 21:49:56 2023
| Host         : rocksmashgood running 64-bit major release  (build 9200)
| Command      : upgrade_ip
| Device       : xc7s50csga324-1
------------------------------------------------------------------------------------

Upgrade Log for IP 'mb_block_hdmi_text_controller_0_24'

1. Summary
----------

SUCCESS in the upgrade of mb_block_hdmi_text_controller_0_24 (xilinx.com:user:hdmi_text_controller:1.0) from (Rev. 119) to (Rev. 120)






Copyright 1986-2022 Xilinx, Inc. All Rights Reserved.
------------------------------------------------------------------------------------
| Tool Version : Vivado v.2022.2 (win64) Build 3671981 Fri Oct 14 05:00:03 MDT 2022
| Date         : Fri Nov  3 21:30:35 2023
| Host         : rocksmashgood running 64-bit major release  (build 9200)
| Command      : upgrade_ip
| Device       : xc7s50csga324-1
------------------------------------------------------------------------------------

Upgrade Log for IP 'mb_block_hdmi_text_controller_0_24'

1. Summary
----------

SUCCESS in the upgrade of mb_block_hdmi_text_controller_0_24 (xilinx.com:user:hdmi_text_controller:1.0) from (Rev. 118) to (Rev. 119)






Copyright 1986-2022 Xilinx, Inc. All Rights Reserved.
------------------------------------------------------------------------------------
| Tool Version : Vivado v.2022.2 (win64) Build 3671981 Fri Oct 14 05:00:03 MDT 2022
| Date         : Fri Nov  3 20:43:21 2023
| Host         : rocksmashgood running 64-bit major release  (build 9200)
| Command      : upgrade_ip
| Device       : xc7s50csga324-1
------------------------------------------------------------------------------------

Upgrade Log for IP 'mb_block_hdmi_text_controller_0_24'

1. Summary
----------

SUCCESS in the upgrade of mb_block_hdmi_text_controller_0_24 (xilinx.com:user:hdmi_text_controller:1.0) from (Rev. 116) to (Rev. 118)






Copyright 1986-2022 Xilinx, Inc. All Rights Reserved.
------------------------------------------------------------------------------------
| Tool Version : Vivado v.2022.2 (win64) Build 3671981 Fri Oct 14 05:00:03 MDT 2022
| Date         : Fri Nov  3 20:36:58 2023
| Host         : rocksmashgood running 64-bit major release  (build 9200)
| Command      : upgrade_ip
| Device       : xc7s50csga324-1
------------------------------------------------------------------------------------

Upgrade Log for IP 'mb_block_hdmi_text_controller_0_24'

1. Summary
----------

SUCCESS in the upgrade of mb_block_hdmi_text_controller_0_24 (xilinx.com:user:hdmi_text_controller:1.0) from (Rev. 115) to (Rev. 116)






Copyright 1986-2022 Xilinx, Inc. All Rights Reserved.
------------------------------------------------------------------------------------
| Tool Version : Vivado v.2022.2 (win64) Build 3671981 Fri Oct 14 05:00:03 MDT 2022
| Date         : Fri Nov  3 19:54:04 2023
| Host         : rocksmashgood running 64-bit major release  (build 9200)
| Command      : upgrade_ip
| Device       : xc7s50csga324-1
------------------------------------------------------------------------------------

Upgrade Log for IP 'mb_block_hdmi_text_controller_0_24'

1. Summary
----------

SUCCESS in the upgrade of mb_block_hdmi_text_controller_0_24 (xilinx.com:user:hdmi_text_controller:1.0) from (Rev. 114) to (Rev. 115)






Copyright 1986-2022 Xilinx, Inc. All Rights Reserved.
------------------------------------------------------------------------------------
| Tool Version : Vivado v.2022.2 (win64) Build 3671981 Fri Oct 14 05:00:03 MDT 2022
| Date         : Fri Nov  3 19:36:10 2023
| Host         : rocksmashgood running 64-bit major release  (build 9200)
| Command      : upgrade_ip
| Device       : xc7s50csga324-1
------------------------------------------------------------------------------------

Upgrade Log for IP 'mb_block_hdmi_text_controller_0_24'

1. Summary
----------

SUCCESS in the conversion of mb_block_hdmi_text_controller_0_24 (xilinx.com:user:hdmi_text_controller:1.0 (Rev. 114)) to Vivado generation flows.






Copyright 1986-2022 Xilinx, Inc. All Rights Reserved.
------------------------------------------------------------------------------------
| Tool Version : Vivado v.2022.2 (win64) Build 3671981 Fri Oct 14 05:00:03 MDT 2022
| Date         : Fri Nov  3 19:35:16 2023
| Host         : rocksmashgood running 64-bit major release  (build 9200)
| Command      : upgrade_ip
| Device       : xc7s50csga324-1
------------------------------------------------------------------------------------

Upgrade Log for IP 'mb_block_hdmi_text_controller_0_24'

1. Summary
----------

CAUTION (success, with warnings) in the upgrade of mb_block_hdmi_text_controller_0_24 (xilinx.com:user:hdmi_text_controller:1.0) from (Rev. 113) to (Rev. 114)

After upgrade, an IP may have parameter and port differences compared to the original customization. Please review the parameters within the IP customization GUI to ensure proper functionality. Also, please review the updated IP instantiation template to ensure proper connectivity, and update your design if required.

2. Connection Warnings
----------------------

Detected external port differences while upgrading 'mb_block_hdmi_text_controller_0_24'. These changes may impact your design.


-Upgraded port 'axi_araddr' width 16 differs from original width 14

-Upgraded port 'axi_awaddr' width 16 differs from original width 14


3. Customization warnings
-------------------------

An attempt to modify the value of disabled parameter 'C_AXI_ADDR_WIDTH' from '16' to '14' has been ignored for IP 'mb_block_hdmi_text_controller_0_24'


4. Debug Commands
-----------------

  The following debug information can be passed to Vivado as Tcl commands,
in order to validate or debug the output of the upgrade flow.
  You may consult any warnings from within this upgrade, and alter or remove
the configuration parameter(s) which caused the warning; then execute the Tcl
commands, and use the IP Customization GUI to verify the IP configuration.

create_ip -vlnv xilinx.com:user:hdmi_text_controller:1.0 -user_name mb_block_hdmi_text_controller_0_24
set_property -dict "\
  CONFIG.AXI.ADDR_WIDTH {14} \
  CONFIG.AXI.ARUSER_WIDTH {0} \
  CONFIG.AXI.AWUSER_WIDTH {0} \
  CONFIG.AXI.BUSER_WIDTH {0} \
  CONFIG.AXI.CLK_DOMAIN {/clk_wiz_1_clk_out1} \
  CONFIG.AXI.DATA_WIDTH {32} \
  CONFIG.AXI.FREQ_HZ {100000000} \
  CONFIG.AXI.HAS_BRESP {1} \
  CONFIG.AXI.HAS_BURST {0} \
  CONFIG.AXI.HAS_CACHE {0} \
  CONFIG.AXI.HAS_LOCK {0} \
  CONFIG.AXI.HAS_PROT {1} \
  CONFIG.AXI.HAS_QOS {0} \
  CONFIG.AXI.HAS_REGION {0} \
  CONFIG.AXI.HAS_RRESP {1} \
  CONFIG.AXI.HAS_WSTRB {1} \
  CONFIG.AXI.ID_WIDTH {0} \
  CONFIG.AXI.INSERT_VIP {0} \
  CONFIG.AXI.MAX_BURST_LENGTH {1} \
  CONFIG.AXI.NUM_READ_OUTSTANDING {2} \
  CONFIG.AXI.NUM_READ_THREADS {1} \
  CONFIG.AXI.NUM_WRITE_OUTSTANDING {2} \
  CONFIG.AXI.NUM_WRITE_THREADS {1} \
  CONFIG.AXI.PHASE {0.0} \
  CONFIG.AXI.PROTOCOL {AXI4LITE} \
  CONFIG.AXI.READ_WRITE_MODE {READ_WRITE} \
  CONFIG.AXI.RUSER_BITS_PER_BYTE {0} \
  CONFIG.AXI.RUSER_WIDTH {0} \
  CONFIG.AXI.SUPPORTS_NARROW_BURST {0} \
  CONFIG.AXI.WIZ_DATA_WIDTH {32} \
  CONFIG.AXI.WIZ_NUM_REG {4} \
  CONFIG.AXI.WUSER_BITS_PER_BYTE {0} \
  CONFIG.AXI.WUSER_WIDTH {0} \
  CONFIG.AXI_CLK.ASSOCIATED_BUSIF {AXI} \
  CONFIG.AXI_CLK.ASSOCIATED_PORT {} \
  CONFIG.AXI_CLK.ASSOCIATED_RESET {axi_aresetn} \
  CONFIG.AXI_CLK.CLK_DOMAIN {/clk_wiz_1_clk_out1} \
  CONFIG.AXI_CLK.FREQ_HZ {100000000} \
  CONFIG.AXI_CLK.FREQ_TOLERANCE_HZ {0} \
  CONFIG.AXI_CLK.INSERT_VIP {0} \
  CONFIG.AXI_CLK.PHASE {0.0} \
  CONFIG.AXI_RST.INSERT_VIP {0} \
  CONFIG.AXI_RST.POLARITY {ACTIVE_LOW} \
  CONFIG.C_AXI_ADDR_WIDTH {14} \
  CONFIG.C_AXI_BASEADDR {0xFFFFFFFF} \
  CONFIG.C_AXI_DATA_WIDTH {32} \
  CONFIG.C_AXI_HIGHADDR {0x00000000} \
  CONFIG.Component_Name {mb_block_hdmi_text_controller_0_24} \
  CONFIG.hdmi_clk_n.ASSOCIATED_BUSIF {} \
  CONFIG.hdmi_clk_n.ASSOCIATED_PORT {} \
  CONFIG.hdmi_clk_n.ASSOCIATED_RESET {} \
  CONFIG.hdmi_clk_n.CLK_DOMAIN {} \
  CONFIG.hdmi_clk_n.FREQ_HZ {100000000} \
  CONFIG.hdmi_clk_n.FREQ_TOLERANCE_HZ {0} \
  CONFIG.hdmi_clk_n.INSERT_VIP {0} \
  CONFIG.hdmi_clk_n.PHASE {0.0} \
  CONFIG.hdmi_clk_p.ASSOCIATED_BUSIF {} \
  CONFIG.hdmi_clk_p.ASSOCIATED_PORT {} \
  CONFIG.hdmi_clk_p.ASSOCIATED_RESET {} \
  CONFIG.hdmi_clk_p.CLK_DOMAIN {} \
  CONFIG.hdmi_clk_p.FREQ_HZ {100000000} \
  CONFIG.hdmi_clk_p.FREQ_TOLERANCE_HZ {0} \
  CONFIG.hdmi_clk_p.INSERT_VIP {0} \
  CONFIG.hdmi_clk_p.PHASE {0.0} " [get_ips mb_block_hdmi_text_controller_0_24]







Copyright 1986-2022 Xilinx, Inc. All Rights Reserved.
------------------------------------------------------------------------------------
| Tool Version : Vivado v.2022.2 (win64) Build 3671981 Fri Oct 14 05:00:03 MDT 2022
| Date         : Fri Nov  3 19:24:16 2023
| Host         : rocksmashgood running 64-bit major release  (build 9200)
| Command      : upgrade_ip
| Device       : xc7s50csga324-1
------------------------------------------------------------------------------------

Upgrade Log for IP 'mb_block_hdmi_text_controller_0_24'

1. Summary
----------

CAUTION (success, with warnings) in the upgrade of mb_block_hdmi_text_controller_0_24 (xilinx.com:user:hdmi_text_controller:1.0) from (Rev. 112) to (Rev. 113)

After upgrade, an IP may have parameter and port differences compared to the original customization. Please review the parameters within the IP customization GUI to ensure proper functionality. Also, please review the updated IP instantiation template to ensure proper connectivity, and update your design if required.

2. Connection Warnings
----------------------

Detected external port differences while upgrading 'mb_block_hdmi_text_controller_0_24'. These changes may impact your design.


-Upgraded port 'axi_araddr' width 14 differs from original width 16

-Upgraded port 'axi_awaddr' width 14 differs from original width 16


3. Customization warnings
-------------------------

An attempt to modify the value of disabled parameter 'C_AXI_ADDR_WIDTH' from '14' to '16' has been ignored for IP 'mb_block_hdmi_text_controller_0_24'


4. Debug Commands
-----------------

  The following debug information can be passed to Vivado as Tcl commands,
in order to validate or debug the output of the upgrade flow.
  You may consult any warnings from within this upgrade, and alter or remove
the configuration parameter(s) which caused the warning; then execute the Tcl
commands, and use the IP Customization GUI to verify the IP configuration.

create_ip -vlnv xilinx.com:user:hdmi_text_controller:1.0 -user_name mb_block_hdmi_text_controller_0_24
set_property -dict "\
  CONFIG.AXI.ADDR_WIDTH {16} \
  CONFIG.AXI.ARUSER_WIDTH {0} \
  CONFIG.AXI.AWUSER_WIDTH {0} \
  CONFIG.AXI.BUSER_WIDTH {0} \
  CONFIG.AXI.CLK_DOMAIN {/clk_wiz_1_clk_out1} \
  CONFIG.AXI.DATA_WIDTH {32} \
  CONFIG.AXI.FREQ_HZ {100000000} \
  CONFIG.AXI.HAS_BRESP {1} \
  CONFIG.AXI.HAS_BURST {0} \
  CONFIG.AXI.HAS_CACHE {0} \
  CONFIG.AXI.HAS_LOCK {0} \
  CONFIG.AXI.HAS_PROT {1} \
  CONFIG.AXI.HAS_QOS {0} \
  CONFIG.AXI.HAS_REGION {0} \
  CONFIG.AXI.HAS_RRESP {1} \
  CONFIG.AXI.HAS_WSTRB {1} \
  CONFIG.AXI.ID_WIDTH {0} \
  CONFIG.AXI.INSERT_VIP {0} \
  CONFIG.AXI.MAX_BURST_LENGTH {1} \
  CONFIG.AXI.NUM_READ_OUTSTANDING {2} \
  CONFIG.AXI.NUM_READ_THREADS {1} \
  CONFIG.AXI.NUM_WRITE_OUTSTANDING {2} \
  CONFIG.AXI.NUM_WRITE_THREADS {1} \
  CONFIG.AXI.PHASE {0.0} \
  CONFIG.AXI.PROTOCOL {AXI4LITE} \
  CONFIG.AXI.READ_WRITE_MODE {READ_WRITE} \
  CONFIG.AXI.RUSER_BITS_PER_BYTE {0} \
  CONFIG.AXI.RUSER_WIDTH {0} \
  CONFIG.AXI.SUPPORTS_NARROW_BURST {0} \
  CONFIG.AXI.WIZ_DATA_WIDTH {32} \
  CONFIG.AXI.WIZ_NUM_REG {4} \
  CONFIG.AXI.WUSER_BITS_PER_BYTE {0} \
  CONFIG.AXI.WUSER_WIDTH {0} \
  CONFIG.AXI_CLK.ASSOCIATED_BUSIF {AXI} \
  CONFIG.AXI_CLK.ASSOCIATED_PORT {} \
  CONFIG.AXI_CLK.ASSOCIATED_RESET {axi_aresetn} \
  CONFIG.AXI_CLK.CLK_DOMAIN {/clk_wiz_1_clk_out1} \
  CONFIG.AXI_CLK.FREQ_HZ {100000000} \
  CONFIG.AXI_CLK.FREQ_TOLERANCE_HZ {0} \
  CONFIG.AXI_CLK.INSERT_VIP {0} \
  CONFIG.AXI_CLK.PHASE {0.0} \
  CONFIG.AXI_RST.INSERT_VIP {0} \
  CONFIG.AXI_RST.POLARITY {ACTIVE_LOW} \
  CONFIG.C_AXI_ADDR_WIDTH {16} \
  CONFIG.C_AXI_BASEADDR {0xFFFFFFFF} \
  CONFIG.C_AXI_DATA_WIDTH {32} \
  CONFIG.C_AXI_HIGHADDR {0x00000000} \
  CONFIG.Component_Name {mb_block_hdmi_text_controller_0_24} \
  CONFIG.hdmi_clk_n.ASSOCIATED_BUSIF {} \
  CONFIG.hdmi_clk_n.ASSOCIATED_PORT {} \
  CONFIG.hdmi_clk_n.ASSOCIATED_RESET {} \
  CONFIG.hdmi_clk_n.CLK_DOMAIN {} \
  CONFIG.hdmi_clk_n.FREQ_HZ {100000000} \
  CONFIG.hdmi_clk_n.FREQ_TOLERANCE_HZ {0} \
  CONFIG.hdmi_clk_n.INSERT_VIP {0} \
  CONFIG.hdmi_clk_n.PHASE {0.0} \
  CONFIG.hdmi_clk_p.ASSOCIATED_BUSIF {} \
  CONFIG.hdmi_clk_p.ASSOCIATED_PORT {} \
  CONFIG.hdmi_clk_p.ASSOCIATED_RESET {} \
  CONFIG.hdmi_clk_p.CLK_DOMAIN {} \
  CONFIG.hdmi_clk_p.FREQ_HZ {100000000} \
  CONFIG.hdmi_clk_p.FREQ_TOLERANCE_HZ {0} \
  CONFIG.hdmi_clk_p.INSERT_VIP {0} \
  CONFIG.hdmi_clk_p.PHASE {0.0} " [get_ips mb_block_hdmi_text_controller_0_24]







Copyright 1986-2022 Xilinx, Inc. All Rights Reserved.
------------------------------------------------------------------------------------
| Tool Version : Vivado v.2022.2 (win64) Build 3671981 Fri Oct 14 05:00:03 MDT 2022
| Date         : Fri Nov  3 19:13:16 2023
| Host         : rocksmashgood running 64-bit major release  (build 9200)
| Command      : upgrade_ip
| Device       : xc7s50csga324-1
------------------------------------------------------------------------------------

Upgrade Log for IP 'mb_block_hdmi_text_controller_0_24'

1. Summary
----------

SUCCESS in the upgrade of mb_block_hdmi_text_controller_0_24 (xilinx.com:user:hdmi_text_controller:1.0) from (Rev. 111) to (Rev. 112)






Copyright 1986-2022 Xilinx, Inc. All Rights Reserved.
------------------------------------------------------------------------------------
| Tool Version : Vivado v.2022.2 (win64) Build 3671981 Fri Oct 14 05:00:03 MDT 2022
| Date         : Fri Nov  3 18:12:06 2023
| Host         : rocksmashgood running 64-bit major release  (build 9200)
| Command      : upgrade_ip
| Device       : xc7s50csga324-1
------------------------------------------------------------------------------------

Upgrade Log for IP 'mb_block_hdmi_text_controller_0_24'

1. Summary
----------

SUCCESS in the upgrade of mb_block_hdmi_text_controller_0_24 (xilinx.com:user:hdmi_text_controller:1.0) from (Rev. 110) to (Rev. 111)






Copyright 1986-2022 Xilinx, Inc. All Rights Reserved.
------------------------------------------------------------------------------------
| Tool Version : Vivado v.2022.2 (win64) Build 3671981 Fri Oct 14 05:00:03 MDT 2022
| Date         : Fri Nov  3 18:04:57 2023
| Host         : rocksmashgood running 64-bit major release  (build 9200)
| Command      : upgrade_ip
| Device       : xc7s50csga324-1
------------------------------------------------------------------------------------

Upgrade Log for IP 'mb_block_hdmi_text_controller_0_24'

1. Summary
----------

SUCCESS in the upgrade of mb_block_hdmi_text_controller_0_24 (xilinx.com:user:hdmi_text_controller:1.0) from (Rev. 109) to (Rev. 110)






Copyright 1986-2022 Xilinx, Inc. All Rights Reserved.
------------------------------------------------------------------------------------
| Tool Version : Vivado v.2022.2 (win64) Build 3671981 Fri Oct 14 05:00:03 MDT 2022
| Date         : Fri Nov  3 17:36:48 2023
| Host         : rocksmashgood running 64-bit major release  (build 9200)
| Command      : upgrade_ip
| Device       : xc7s50csga324-1
------------------------------------------------------------------------------------

Upgrade Log for IP 'mb_block_hdmi_text_controller_0_24'

1. Summary
----------

SUCCESS in the upgrade of mb_block_hdmi_text_controller_0_24 (xilinx.com:user:hdmi_text_controller:1.0) from (Rev. 107) to (Rev. 109)






Copyright 1986-2022 Xilinx, Inc. All Rights Reserved.
------------------------------------------------------------------------------------
| Tool Version : Vivado v.2022.2 (win64) Build 3671981 Fri Oct 14 05:00:03 MDT 2022
| Date         : Fri Nov  3 17:28:01 2023
| Host         : rocksmashgood running 64-bit major release  (build 9200)
| Command      : upgrade_ip
| Device       : xc7s50csga324-1
------------------------------------------------------------------------------------

Upgrade Log for IP 'mb_block_hdmi_text_controller_0_24'

1. Summary
----------

SUCCESS in the upgrade of mb_block_hdmi_text_controller_0_24 (xilinx.com:user:hdmi_text_controller:1.0) from (Rev. 106) to (Rev. 107)






Copyright 1986-2022 Xilinx, Inc. All Rights Reserved.
------------------------------------------------------------------------------------
| Tool Version : Vivado v.2022.2 (win64) Build 3671981 Fri Oct 14 05:00:03 MDT 2022
| Date         : Fri Nov  3 17:18:39 2023
| Host         : rocksmashgood running 64-bit major release  (build 9200)
| Command      : upgrade_ip
| Device       : xc7s50csga324-1
------------------------------------------------------------------------------------

Upgrade Log for IP 'mb_block_hdmi_text_controller_0_24'

1. Summary
----------

SUCCESS in the upgrade of mb_block_hdmi_text_controller_0_24 (xilinx.com:user:hdmi_text_controller:1.0) from (Rev. 105) to (Rev. 106)






Copyright 1986-2022 Xilinx, Inc. All Rights Reserved.
------------------------------------------------------------------------------------
| Tool Version : Vivado v.2022.2 (win64) Build 3671981 Fri Oct 14 05:00:03 MDT 2022
| Date         : Fri Nov  3 17:06:42 2023
| Host         : rocksmashgood running 64-bit major release  (build 9200)
| Command      : upgrade_ip
| Device       : xc7s50csga324-1
------------------------------------------------------------------------------------

Upgrade Log for IP 'mb_block_hdmi_text_controller_0_24'

1. Summary
----------

SUCCESS in the upgrade of mb_block_hdmi_text_controller_0_24 (xilinx.com:user:hdmi_text_controller:1.0) from (Rev. 104) to (Rev. 105)






Copyright 1986-2022 Xilinx, Inc. All Rights Reserved.
------------------------------------------------------------------------------------
| Tool Version : Vivado v.2022.2 (win64) Build 3671981 Fri Oct 14 05:00:03 MDT 2022
| Date         : Fri Nov  3 16:55:03 2023
| Host         : rocksmashgood running 64-bit major release  (build 9200)
| Command      : upgrade_ip
| Device       : xc7s50csga324-1
------------------------------------------------------------------------------------

Upgrade Log for IP 'mb_block_hdmi_text_controller_0_24'

1. Summary
----------

SUCCESS in the upgrade of mb_block_hdmi_text_controller_0_24 (xilinx.com:user:hdmi_text_controller:1.0) from (Rev. 103) to (Rev. 104)






Copyright 1986-2022 Xilinx, Inc. All Rights Reserved.
------------------------------------------------------------------------------------
| Tool Version : Vivado v.2022.2 (win64) Build 3671981 Fri Oct 14 05:00:03 MDT 2022
| Date         : Fri Nov  3 16:39:52 2023
| Host         : rocksmashgood running 64-bit major release  (build 9200)
| Command      : upgrade_ip
| Device       : xc7s50csga324-1
------------------------------------------------------------------------------------

Upgrade Log for IP 'mb_block_hdmi_text_controller_0_24'

1. Summary
----------

SUCCESS in the upgrade of mb_block_hdmi_text_controller_0_24 (xilinx.com:user:hdmi_text_controller:1.0) from (Rev. 102) to (Rev. 103)






Copyright 1986-2022 Xilinx, Inc. All Rights Reserved.
------------------------------------------------------------------------------------
| Tool Version : Vivado v.2022.2 (win64) Build 3671981 Fri Oct 14 05:00:03 MDT 2022
| Date         : Fri Nov  3 15:39:48 2023
| Host         : rocksmashgood running 64-bit major release  (build 9200)
| Command      : upgrade_ip
| Device       : xc7s50csga324-1
------------------------------------------------------------------------------------

Upgrade Log for IP 'mb_block_hdmi_text_controller_0_24'

1. Summary
----------

SUCCESS in the upgrade of mb_block_hdmi_text_controller_0_24 (xilinx.com:user:hdmi_text_controller:1.0) from (Rev. 101) to (Rev. 102)






Copyright 1986-2022 Xilinx, Inc. All Rights Reserved.
------------------------------------------------------------------------------------
| Tool Version : Vivado v.2022.2 (win64) Build 3671981 Fri Oct 14 05:00:03 MDT 2022
| Date         : Fri Nov  3 15:08:12 2023
| Host         : rocksmashgood running 64-bit major release  (build 9200)
| Command      : upgrade_ip
| Device       : xc7s50csga324-1
------------------------------------------------------------------------------------

Upgrade Log for IP 'mb_block_hdmi_text_controller_0_24'

1. Summary
----------

SUCCESS in the upgrade of mb_block_hdmi_text_controller_0_24 (xilinx.com:user:hdmi_text_controller:1.0) from (Rev. 100) to (Rev. 101)






Copyright 1986-2022 Xilinx, Inc. All Rights Reserved.
------------------------------------------------------------------------------------
| Tool Version : Vivado v.2022.2 (win64) Build 3671981 Fri Oct 14 05:00:03 MDT 2022
| Date         : Fri Nov  3 14:55:37 2023
| Host         : rocksmashgood running 64-bit major release  (build 9200)
| Command      : upgrade_ip
| Device       : xc7s50csga324-1
------------------------------------------------------------------------------------

Upgrade Log for IP 'mb_block_hdmi_text_controller_0_24'

1. Summary
----------

SUCCESS in the upgrade of mb_block_hdmi_text_controller_0_24 (xilinx.com:user:hdmi_text_controller:1.0) from (Rev. 99) to (Rev. 100)






Copyright 1986-2022 Xilinx, Inc. All Rights Reserved.
------------------------------------------------------------------------------------
| Tool Version : Vivado v.2022.2 (win64) Build 3671981 Fri Oct 14 05:00:03 MDT 2022
| Date         : Fri Nov  3 14:38:08 2023
| Host         : rocksmashgood running 64-bit major release  (build 9200)
| Command      : upgrade_ip
| Device       : xc7s50csga324-1
------------------------------------------------------------------------------------

Upgrade Log for IP 'mb_block_hdmi_text_controller_0_24'

1. Summary
----------

SUCCESS in the upgrade of mb_block_hdmi_text_controller_0_24 (xilinx.com:user:hdmi_text_controller:1.0) from (Rev. 98) to (Rev. 99)






Copyright 1986-2022 Xilinx, Inc. All Rights Reserved.
------------------------------------------------------------------------------------
| Tool Version : Vivado v.2022.2 (win64) Build 3671981 Fri Oct 14 05:00:03 MDT 2022
| Date         : Fri Nov  3 14:27:27 2023
| Host         : rocksmashgood running 64-bit major release  (build 9200)
| Command      : upgrade_ip
| Device       : xc7s50csga324-1
------------------------------------------------------------------------------------

Upgrade Log for IP 'mb_block_hdmi_text_controller_0_24'

1. Summary
----------

SUCCESS in the upgrade of mb_block_hdmi_text_controller_0_24 (xilinx.com:user:hdmi_text_controller:1.0) from (Rev. 97) to (Rev. 98)






Copyright 1986-2022 Xilinx, Inc. All Rights Reserved.
------------------------------------------------------------------------------------
| Tool Version : Vivado v.2022.2 (win64) Build 3671981 Fri Oct 14 05:00:03 MDT 2022
| Date         : Fri Nov  3 13:54:41 2023
| Host         : rocksmashgood running 64-bit major release  (build 9200)
| Command      : upgrade_ip
| Device       : xc7s50csga324-1
------------------------------------------------------------------------------------

Upgrade Log for IP 'mb_block_hdmi_text_controller_0_24'

1. Summary
----------

SUCCESS in the upgrade of mb_block_hdmi_text_controller_0_24 (xilinx.com:user:hdmi_text_controller:1.0) from (Rev. 96) to (Rev. 97)






Copyright 1986-2022 Xilinx, Inc. All Rights Reserved.
------------------------------------------------------------------------------------
| Tool Version : Vivado v.2022.2 (win64) Build 3671981 Fri Oct 14 05:00:03 MDT 2022
| Date         : Fri Nov  3 13:37:50 2023
| Host         : rocksmashgood running 64-bit major release  (build 9200)
| Command      : upgrade_ip
| Device       : xc7s50csga324-1
------------------------------------------------------------------------------------

Upgrade Log for IP 'mb_block_hdmi_text_controller_0_24'

1. Summary
----------

SUCCESS in the upgrade of mb_block_hdmi_text_controller_0_24 (xilinx.com:user:hdmi_text_controller:1.0) from (Rev. 95) to (Rev. 96)






Copyright 1986-2022 Xilinx, Inc. All Rights Reserved.
------------------------------------------------------------------------------------
| Tool Version : Vivado v.2022.2 (win64) Build 3671981 Fri Oct 14 05:00:03 MDT 2022
| Date         : Fri Nov  3 13:06:41 2023
| Host         : rocksmashgood running 64-bit major release  (build 9200)
| Command      : upgrade_ip
| Device       : xc7s50csga324-1
------------------------------------------------------------------------------------

Upgrade Log for IP 'mb_block_hdmi_text_controller_0_24'

1. Summary
----------

SUCCESS in the upgrade of mb_block_hdmi_text_controller_0_24 (xilinx.com:user:hdmi_text_controller:1.0) from (Rev. 94) to (Rev. 95)






Copyright 1986-2022 Xilinx, Inc. All Rights Reserved.
------------------------------------------------------------------------------------
| Tool Version : Vivado v.2022.2 (win64) Build 3671981 Fri Oct 14 05:00:03 MDT 2022
| Date         : Fri Nov  3 12:49:03 2023
| Host         : rocksmashgood running 64-bit major release  (build 9200)
| Command      : upgrade_ip
| Device       : xc7s50csga324-1
------------------------------------------------------------------------------------

Upgrade Log for IP 'mb_block_hdmi_text_controller_0_24'

1. Summary
----------

SUCCESS in the upgrade of mb_block_hdmi_text_controller_0_24 (xilinx.com:user:hdmi_text_controller:1.0) from (Rev. 93) to (Rev. 94)






Copyright 1986-2022 Xilinx, Inc. All Rights Reserved.
------------------------------------------------------------------------------------
| Tool Version : Vivado v.2022.2 (win64) Build 3671981 Fri Oct 14 05:00:03 MDT 2022
| Date         : Fri Nov  3 12:09:13 2023
| Host         : rocksmashgood running 64-bit major release  (build 9200)
| Command      : upgrade_ip
| Device       : xc7s50csga324-1
------------------------------------------------------------------------------------

Upgrade Log for IP 'mb_block_hdmi_text_controller_0_24'

1. Summary
----------

SUCCESS in the upgrade of mb_block_hdmi_text_controller_0_24 (xilinx.com:user:hdmi_text_controller:1.0) from (Rev. 92) to (Rev. 93)






Copyright 1986-2022 Xilinx, Inc. All Rights Reserved.
------------------------------------------------------------------------------------
| Tool Version : Vivado v.2022.2 (win64) Build 3671981 Fri Oct 14 05:00:03 MDT 2022
| Date         : Fri Nov  3 03:39:17 2023
| Host         : rocksmashgood running 64-bit major release  (build 9200)
| Command      : upgrade_ip
| Device       : xc7s50csga324-1
------------------------------------------------------------------------------------

Upgrade Log for IP 'mb_block_hdmi_text_controller_0_24'

1. Summary
----------

SUCCESS in the upgrade of mb_block_hdmi_text_controller_0_24 (xilinx.com:user:hdmi_text_controller:1.0) from (Rev. 91) to (Rev. 92)






Copyright 1986-2022 Xilinx, Inc. All Rights Reserved.
------------------------------------------------------------------------------------
| Tool Version : Vivado v.2022.2 (win64) Build 3671981 Fri Oct 14 05:00:03 MDT 2022
| Date         : Fri Nov  3 03:30:55 2023
| Host         : rocksmashgood running 64-bit major release  (build 9200)
| Command      : upgrade_ip
| Device       : xc7s50csga324-1
------------------------------------------------------------------------------------

Upgrade Log for IP 'mb_block_hdmi_text_controller_0_24'

1. Summary
----------

SUCCESS in the upgrade of mb_block_hdmi_text_controller_0_24 (xilinx.com:user:hdmi_text_controller:1.0) from (Rev. 90) to (Rev. 91)






Copyright 1986-2022 Xilinx, Inc. All Rights Reserved.
------------------------------------------------------------------------------------
| Tool Version : Vivado v.2022.2 (win64) Build 3671981 Fri Oct 14 05:00:03 MDT 2022
| Date         : Fri Nov  3 03:23:19 2023
| Host         : rocksmashgood running 64-bit major release  (build 9200)
| Command      : upgrade_ip
| Device       : xc7s50csga324-1
------------------------------------------------------------------------------------

Upgrade Log for IP 'mb_block_hdmi_text_controller_0_24'

1. Summary
----------

SUCCESS in the upgrade of mb_block_hdmi_text_controller_0_24 (xilinx.com:user:hdmi_text_controller:1.0) from (Rev. 89) to (Rev. 90)






Copyright 1986-2022 Xilinx, Inc. All Rights Reserved.
------------------------------------------------------------------------------------
| Tool Version : Vivado v.2022.2 (win64) Build 3671981 Fri Oct 14 05:00:03 MDT 2022
| Date         : Fri Nov  3 03:15:12 2023
| Host         : rocksmashgood running 64-bit major release  (build 9200)
| Command      : upgrade_ip
| Device       : xc7s50csga324-1
------------------------------------------------------------------------------------

Upgrade Log for IP 'mb_block_hdmi_text_controller_0_24'

1. Summary
----------

SUCCESS in the upgrade of mb_block_hdmi_text_controller_0_24 (xilinx.com:user:hdmi_text_controller:1.0) from (Rev. 88) to (Rev. 89)






Copyright 1986-2022 Xilinx, Inc. All Rights Reserved.
------------------------------------------------------------------------------------
| Tool Version : Vivado v.2022.2 (win64) Build 3671981 Fri Oct 14 05:00:03 MDT 2022
| Date         : Fri Nov  3 03:05:22 2023
| Host         : rocksmashgood running 64-bit major release  (build 9200)
| Command      : upgrade_ip
| Device       : xc7s50csga324-1
------------------------------------------------------------------------------------

Upgrade Log for IP 'mb_block_hdmi_text_controller_0_24'

1. Summary
----------

SUCCESS in the upgrade of mb_block_hdmi_text_controller_0_24 (xilinx.com:user:hdmi_text_controller:1.0) from (Rev. 87) to (Rev. 88)






Copyright 1986-2022 Xilinx, Inc. All Rights Reserved.
------------------------------------------------------------------------------------
| Tool Version : Vivado v.2022.2 (win64) Build 3671981 Fri Oct 14 05:00:03 MDT 2022
| Date         : Fri Nov  3 02:49:25 2023
| Host         : rocksmashgood running 64-bit major release  (build 9200)
| Command      : upgrade_ip
| Device       : xc7s50csga324-1
------------------------------------------------------------------------------------

Upgrade Log for IP 'mb_block_hdmi_text_controller_0_24'

1. Summary
----------

SUCCESS in the upgrade of mb_block_hdmi_text_controller_0_24 (xilinx.com:user:hdmi_text_controller:1.0) from (Rev. 86) to (Rev. 87)






Copyright 1986-2022 Xilinx, Inc. All Rights Reserved.
------------------------------------------------------------------------------------
| Tool Version : Vivado v.2022.2 (win64) Build 3671981 Fri Oct 14 05:00:03 MDT 2022
| Date         : Fri Nov  3 02:31:20 2023
| Host         : rocksmashgood running 64-bit major release  (build 9200)
| Command      : upgrade_ip
| Device       : xc7s50csga324-1
------------------------------------------------------------------------------------

Upgrade Log for IP 'mb_block_hdmi_text_controller_0_24'

1. Summary
----------

SUCCESS in the upgrade of mb_block_hdmi_text_controller_0_24 (xilinx.com:user:hdmi_text_controller:1.0) from (Rev. 85) to (Rev. 86)






Copyright 1986-2022 Xilinx, Inc. All Rights Reserved.
------------------------------------------------------------------------------------
| Tool Version : Vivado v.2022.2 (win64) Build 3671981 Fri Oct 14 05:00:03 MDT 2022
| Date         : Fri Nov  3 02:12:04 2023
| Host         : rocksmashgood running 64-bit major release  (build 9200)
| Command      : upgrade_ip
| Device       : xc7s50csga324-1
------------------------------------------------------------------------------------

Upgrade Log for IP 'mb_block_hdmi_text_controller_0_24'

1. Summary
----------

SUCCESS in the upgrade of mb_block_hdmi_text_controller_0_24 (xilinx.com:user:hdmi_text_controller:1.0) from (Rev. 84) to (Rev. 85)






Copyright 1986-2022 Xilinx, Inc. All Rights Reserved.
------------------------------------------------------------------------------------
| Tool Version : Vivado v.2022.2 (win64) Build 3671981 Fri Oct 14 05:00:03 MDT 2022
| Date         : Fri Nov  3 00:35:56 2023
| Host         : rocksmashgood running 64-bit major release  (build 9200)
| Command      : upgrade_ip
| Device       : xc7s50csga324-1
------------------------------------------------------------------------------------

Upgrade Log for IP 'mb_block_hdmi_text_controller_0_24'

1. Summary
----------

SUCCESS in the upgrade of mb_block_hdmi_text_controller_0_24 (xilinx.com:user:hdmi_text_controller:1.0) from (Rev. 82) to (Rev. 84)






Copyright 1986-2022 Xilinx, Inc. All Rights Reserved.
------------------------------------------------------------------------------------
| Tool Version : Vivado v.2022.2 (win64) Build 3671981 Fri Oct 14 05:00:03 MDT 2022
| Date         : Thu Nov  2 23:37:06 2023
| Host         : rocksmashgood running 64-bit major release  (build 9200)
| Command      : upgrade_ip
| Device       : xc7s50csga324-1
------------------------------------------------------------------------------------

Upgrade Log for IP 'mb_block_hdmi_text_controller_0_24'

1. Summary
----------

SUCCESS in the upgrade of mb_block_hdmi_text_controller_0_24 (xilinx.com:user:hdmi_text_controller:1.0) from (Rev. 81) to (Rev. 82)






Copyright 1986-2022 Xilinx, Inc. All Rights Reserved.
------------------------------------------------------------------------------------
| Tool Version : Vivado v.2022.2 (win64) Build 3671981 Fri Oct 14 05:00:03 MDT 2022
| Date         : Thu Nov  2 23:27:51 2023
| Host         : rocksmashgood running 64-bit major release  (build 9200)
| Command      : upgrade_ip
| Device       : xc7s50csga324-1
------------------------------------------------------------------------------------

Upgrade Log for IP 'mb_block_hdmi_text_controller_0_24'

1. Summary
----------

SUCCESS in the upgrade of mb_block_hdmi_text_controller_0_24 (xilinx.com:user:hdmi_text_controller:1.0) from (Rev. 80) to (Rev. 81)






Copyright 1986-2022 Xilinx, Inc. All Rights Reserved.
------------------------------------------------------------------------------------
| Tool Version : Vivado v.2022.2 (win64) Build 3671981 Fri Oct 14 05:00:03 MDT 2022
| Date         : Thu Nov  2 23:17:09 2023
| Host         : rocksmashgood running 64-bit major release  (build 9200)
| Command      : upgrade_ip
| Device       : xc7s50csga324-1
------------------------------------------------------------------------------------

Upgrade Log for IP 'mb_block_hdmi_text_controller_0_24'

1. Summary
----------

SUCCESS in the upgrade of mb_block_hdmi_text_controller_0_24 (xilinx.com:user:hdmi_text_controller:1.0) from (Rev. 79) to (Rev. 80)






Copyright 1986-2022 Xilinx, Inc. All Rights Reserved.
------------------------------------------------------------------------------------
| Tool Version : Vivado v.2022.2 (win64) Build 3671981 Fri Oct 14 05:00:03 MDT 2022
| Date         : Thu Nov  2 23:07:21 2023
| Host         : rocksmashgood running 64-bit major release  (build 9200)
| Command      : upgrade_ip
| Device       : xc7s50csga324-1
------------------------------------------------------------------------------------

Upgrade Log for IP 'mb_block_hdmi_text_controller_0_24'

1. Summary
----------

SUCCESS in the upgrade of mb_block_hdmi_text_controller_0_24 (xilinx.com:user:hdmi_text_controller:1.0) from (Rev. 78) to (Rev. 79)






Copyright 1986-2022 Xilinx, Inc. All Rights Reserved.
------------------------------------------------------------------------------------
| Tool Version : Vivado v.2022.2 (win64) Build 3671981 Fri Oct 14 05:00:03 MDT 2022
| Date         : Thu Nov  2 23:04:31 2023
| Host         : rocksmashgood running 64-bit major release  (build 9200)
| Command      : upgrade_ip
| Device       : xc7s50csga324-1
------------------------------------------------------------------------------------

Upgrade Log for IP 'mb_block_hdmi_text_controller_0_24'

1. Summary
----------

CAUTION (success, with warnings) in the upgrade of mb_block_hdmi_text_controller_0_24 (xilinx.com:user:hdmi_text_controller:1.0) from (Rev. 76) to (Rev. 78)

After upgrade, an IP may have parameter and port differences compared to the original customization. Please review the parameters within the IP customization GUI to ensure proper functionality. Also, please review the updated IP instantiation template to ensure proper connectivity, and update your design if required.

2. Connection Warnings
----------------------

Detected external port differences while upgrading 'mb_block_hdmi_text_controller_0_24'. These changes may impact your design.


-Upgraded port 'axi_araddr' width 16 differs from original width 12

-Upgraded port 'axi_awaddr' width 16 differs from original width 12


3. Customization warnings
-------------------------

An attempt to modify the value of disabled parameter 'C_AXI_ADDR_WIDTH' from '16' to '12' has been ignored for IP 'mb_block_hdmi_text_controller_0_24'


4. Debug Commands
-----------------

  The following debug information can be passed to Vivado as Tcl commands,
in order to validate or debug the output of the upgrade flow.
  You may consult any warnings from within this upgrade, and alter or remove
the configuration parameter(s) which caused the warning; then execute the Tcl
commands, and use the IP Customization GUI to verify the IP configuration.

create_ip -vlnv xilinx.com:user:hdmi_text_controller:1.0 -user_name mb_block_hdmi_text_controller_0_24
set_property -dict "\
  CONFIG.AXI.ADDR_WIDTH {12} \
  CONFIG.AXI.ARUSER_WIDTH {0} \
  CONFIG.AXI.AWUSER_WIDTH {0} \
  CONFIG.AXI.BUSER_WIDTH {0} \
  CONFIG.AXI.CLK_DOMAIN {/clk_wiz_1_clk_out1} \
  CONFIG.AXI.DATA_WIDTH {32} \
  CONFIG.AXI.FREQ_HZ {100000000} \
  CONFIG.AXI.HAS_BRESP {1} \
  CONFIG.AXI.HAS_BURST {0} \
  CONFIG.AXI.HAS_CACHE {0} \
  CONFIG.AXI.HAS_LOCK {0} \
  CONFIG.AXI.HAS_PROT {1} \
  CONFIG.AXI.HAS_QOS {0} \
  CONFIG.AXI.HAS_REGION {0} \
  CONFIG.AXI.HAS_RRESP {1} \
  CONFIG.AXI.HAS_WSTRB {1} \
  CONFIG.AXI.ID_WIDTH {0} \
  CONFIG.AXI.INSERT_VIP {0} \
  CONFIG.AXI.MAX_BURST_LENGTH {1} \
  CONFIG.AXI.NUM_READ_OUTSTANDING {2} \
  CONFIG.AXI.NUM_READ_THREADS {1} \
  CONFIG.AXI.NUM_WRITE_OUTSTANDING {2} \
  CONFIG.AXI.NUM_WRITE_THREADS {1} \
  CONFIG.AXI.PHASE {0.0} \
  CONFIG.AXI.PROTOCOL {AXI4LITE} \
  CONFIG.AXI.READ_WRITE_MODE {READ_WRITE} \
  CONFIG.AXI.RUSER_BITS_PER_BYTE {0} \
  CONFIG.AXI.RUSER_WIDTH {0} \
  CONFIG.AXI.SUPPORTS_NARROW_BURST {0} \
  CONFIG.AXI.WIZ_DATA_WIDTH {32} \
  CONFIG.AXI.WIZ_NUM_REG {4} \
  CONFIG.AXI.WUSER_BITS_PER_BYTE {0} \
  CONFIG.AXI.WUSER_WIDTH {0} \
  CONFIG.AXI_CLK.ASSOCIATED_BUSIF {AXI} \
  CONFIG.AXI_CLK.ASSOCIATED_PORT {} \
  CONFIG.AXI_CLK.ASSOCIATED_RESET {axi_aresetn} \
  CONFIG.AXI_CLK.CLK_DOMAIN {/clk_wiz_1_clk_out1} \
  CONFIG.AXI_CLK.FREQ_HZ {100000000} \
  CONFIG.AXI_CLK.FREQ_TOLERANCE_HZ {0} \
  CONFIG.AXI_CLK.INSERT_VIP {0} \
  CONFIG.AXI_CLK.PHASE {0.0} \
  CONFIG.AXI_RST.INSERT_VIP {0} \
  CONFIG.AXI_RST.POLARITY {ACTIVE_LOW} \
  CONFIG.C_AXI_ADDR_WIDTH {12} \
  CONFIG.C_AXI_BASEADDR {0xFFFFFFFF} \
  CONFIG.C_AXI_DATA_WIDTH {32} \
  CONFIG.C_AXI_HIGHADDR {0x00000000} \
  CONFIG.Component_Name {mb_block_hdmi_text_controller_0_24} \
  CONFIG.hdmi_clk_n.ASSOCIATED_BUSIF {} \
  CONFIG.hdmi_clk_n.ASSOCIATED_PORT {} \
  CONFIG.hdmi_clk_n.ASSOCIATED_RESET {} \
  CONFIG.hdmi_clk_n.CLK_DOMAIN {} \
  CONFIG.hdmi_clk_n.FREQ_HZ {100000000} \
  CONFIG.hdmi_clk_n.FREQ_TOLERANCE_HZ {0} \
  CONFIG.hdmi_clk_n.INSERT_VIP {0} \
  CONFIG.hdmi_clk_n.PHASE {0.0} \
  CONFIG.hdmi_clk_p.ASSOCIATED_BUSIF {} \
  CONFIG.hdmi_clk_p.ASSOCIATED_PORT {} \
  CONFIG.hdmi_clk_p.ASSOCIATED_RESET {} \
  CONFIG.hdmi_clk_p.CLK_DOMAIN {} \
  CONFIG.hdmi_clk_p.FREQ_HZ {100000000} \
  CONFIG.hdmi_clk_p.FREQ_TOLERANCE_HZ {0} \
  CONFIG.hdmi_clk_p.INSERT_VIP {0} \
  CONFIG.hdmi_clk_p.PHASE {0.0} " [get_ips mb_block_hdmi_text_controller_0_24]







Copyright 1986-2022 Xilinx, Inc. All Rights Reserved.
------------------------------------------------------------------------------------
| Tool Version : Vivado v.2022.2 (win64) Build 3671981 Fri Oct 14 05:00:03 MDT 2022
| Date         : Thu Nov  2 22:58:26 2023
| Host         : rocksmashgood running 64-bit major release  (build 9200)
| Command      : upgrade_ip
| Device       : xc7s50csga324-1
------------------------------------------------------------------------------------

Upgrade Log for IP 'mb_block_hdmi_text_controller_0_24'

1. Summary
----------

SUCCESS in the upgrade of mb_block_hdmi_text_controller_0_24 (xilinx.com:user:hdmi_text_controller:1.0) from (Rev. 75) to (Rev. 76)






Copyright 1986-2022 Xilinx, Inc. All Rights Reserved.
------------------------------------------------------------------------------------
| Tool Version : Vivado v.2022.2 (win64) Build 3671981 Fri Oct 14 05:00:03 MDT 2022
| Date         : Thu Nov  2 22:48:01 2023
| Host         : rocksmashgood running 64-bit major release  (build 9200)
| Command      : upgrade_ip
| Device       : xc7s50csga324-1
------------------------------------------------------------------------------------

Upgrade Log for IP 'mb_block_hdmi_text_controller_0_24'

1. Summary
----------

SUCCESS in the upgrade of mb_block_hdmi_text_controller_0_24 (xilinx.com:user:hdmi_text_controller:1.0) from (Rev. 74) to (Rev. 75)






Copyright 1986-2022 Xilinx, Inc. All Rights Reserved.
------------------------------------------------------------------------------------
| Tool Version : Vivado v.2022.2 (win64) Build 3671981 Fri Oct 14 05:00:03 MDT 2022
| Date         : Thu Nov  2 21:17:59 2023
| Host         : rocksmashgood running 64-bit major release  (build 9200)
| Command      : upgrade_ip
| Device       : xc7s50csga324-1
------------------------------------------------------------------------------------

Upgrade Log for IP 'mb_block_hdmi_text_controller_0_24'

1. Summary
----------

SUCCESS in the upgrade of mb_block_hdmi_text_controller_0_24 (xilinx.com:user:hdmi_text_controller:1.0) from (Rev. 73) to (Rev. 74)






Copyright 1986-2022 Xilinx, Inc. All Rights Reserved.
------------------------------------------------------------------------------------
| Tool Version : Vivado v.2022.2 (win64) Build 3671981 Fri Oct 14 05:00:03 MDT 2022
| Date         : Thu Nov  2 21:08:23 2023
| Host         : rocksmashgood running 64-bit major release  (build 9200)
| Command      : upgrade_ip
| Device       : xc7s50csga324-1
------------------------------------------------------------------------------------

Upgrade Log for IP 'mb_block_hdmi_text_controller_0_24'

1. Summary
----------

SUCCESS in the upgrade of mb_block_hdmi_text_controller_0_24 (xilinx.com:user:hdmi_text_controller:1.0) from (Rev. 72) to (Rev. 73)






Copyright 1986-2022 Xilinx, Inc. All Rights Reserved.
------------------------------------------------------------------------------------
| Tool Version : Vivado v.2022.2 (win64) Build 3671981 Fri Oct 14 05:00:03 MDT 2022
| Date         : Thu Nov  2 20:30:31 2023
| Host         : rocksmashgood running 64-bit major release  (build 9200)
| Command      : upgrade_ip
| Device       : xc7s50csga324-1
------------------------------------------------------------------------------------

Upgrade Log for IP 'mb_block_hdmi_text_controller_0_24'

1. Summary
----------

SUCCESS in the upgrade of mb_block_hdmi_text_controller_0_24 (xilinx.com:user:hdmi_text_controller:1.0) from (Rev. 71) to (Rev. 72)






Copyright 1986-2022 Xilinx, Inc. All Rights Reserved.
------------------------------------------------------------------------------------
| Tool Version : Vivado v.2022.2 (win64) Build 3671981 Fri Oct 14 05:00:03 MDT 2022
| Date         : Thu Nov  2 20:19:43 2023
| Host         : rocksmashgood running 64-bit major release  (build 9200)
| Command      : upgrade_ip
| Device       : xc7s50csga324-1
------------------------------------------------------------------------------------

Upgrade Log for IP 'mb_block_hdmi_text_controller_0_24'

1. Summary
----------

SUCCESS in the upgrade of mb_block_hdmi_text_controller_0_24 (xilinx.com:user:hdmi_text_controller:1.0) from (Rev. 70) to (Rev. 71)






Copyright 1986-2022 Xilinx, Inc. All Rights Reserved.
------------------------------------------------------------------------------------
| Tool Version : Vivado v.2022.2 (win64) Build 3671981 Fri Oct 14 05:00:03 MDT 2022
| Date         : Thu Nov  2 20:10:09 2023
| Host         : rocksmashgood running 64-bit major release  (build 9200)
| Command      : upgrade_ip
| Device       : xc7s50csga324-1
------------------------------------------------------------------------------------

Upgrade Log for IP 'mb_block_hdmi_text_controller_0_24'

1. Summary
----------

SUCCESS in the upgrade of mb_block_hdmi_text_controller_0_24 (xilinx.com:user:hdmi_text_controller:1.0) from (Rev. 69) to (Rev. 70)






Copyright 1986-2022 Xilinx, Inc. All Rights Reserved.
------------------------------------------------------------------------------------
| Tool Version : Vivado v.2022.2 (win64) Build 3671981 Fri Oct 14 05:00:03 MDT 2022
| Date         : Thu Nov  2 19:55:13 2023
| Host         : rocksmashgood running 64-bit major release  (build 9200)
| Command      : upgrade_ip
| Device       : xc7s50csga324-1
------------------------------------------------------------------------------------

Upgrade Log for IP 'mb_block_hdmi_text_controller_0_24'

1. Summary
----------

SUCCESS in the upgrade of mb_block_hdmi_text_controller_0_24 (xilinx.com:user:hdmi_text_controller:1.0) from (Rev. 68) to (Rev. 69)






Copyright 1986-2022 Xilinx, Inc. All Rights Reserved.
------------------------------------------------------------------------------------
| Tool Version : Vivado v.2022.2 (win64) Build 3671981 Fri Oct 14 05:00:03 MDT 2022
| Date         : Thu Nov  2 19:02:01 2023
| Host         : rocksmashgood running 64-bit major release  (build 9200)
| Command      : upgrade_ip
| Device       : xc7s50csga324-1
------------------------------------------------------------------------------------

Upgrade Log for IP 'mb_block_hdmi_text_controller_0_24'

1. Summary
----------

SUCCESS in the upgrade of mb_block_hdmi_text_controller_0_24 (xilinx.com:user:hdmi_text_controller:1.0) from (Rev. 67) to (Rev. 68)






Copyright 1986-2022 Xilinx, Inc. All Rights Reserved.
------------------------------------------------------------------------------------
| Tool Version : Vivado v.2022.2 (win64) Build 3671981 Fri Oct 14 05:00:03 MDT 2022
| Date         : Thu Nov  2 17:32:25 2023
| Host         : rocksmashgood running 64-bit major release  (build 9200)
| Command      : upgrade_ip
| Device       : xc7s50csga324-1
------------------------------------------------------------------------------------

Upgrade Log for IP 'mb_block_hdmi_text_controller_0_24'

1. Summary
----------

SUCCESS in the upgrade of mb_block_hdmi_text_controller_0_24 (xilinx.com:user:hdmi_text_controller:1.0) from (Rev. 66) to (Rev. 67)

