Vivado Simulator v2022.2
Copyright 1986-1999, 2001-2022 Xilinx, Inc. All Rights Reserved.
Running: C:/Xilinx/Vivado/2022.2/bin/unwrapped/win64.o/xelab.exe --incr --debug typical --relax --mt 2 -L xil_defaultlib -L blk_mem_gen_v8_4_5 -L uvm -L unisims_ver -L unimacro_ver -L secureip -L xpm --snapshot testbenchbless_behav xil_defaultlib.testbenchbless xil_defaultlib.glbl -log elaborate.log 
Using 2 slave threads.
Starting static elaboration
Pass Through NonSizing Optimizer
Completed static elaboration
Starting simulation data flow analysis
WARNING: [XSIM 43-4100] "C:/Users/cherr/ece385/ECE385_Lab5/ECE385_Lab5.srcs/sim_1/new/testbenchbless.sv" Line 1. Module testbenchbless has a timescale but at least one module in design doesn't have timescale.
WARNING: [XSIM 43-4100] "C:/Users/cherr/ece385/ECE385_Lab5/ECE385_Lab5.srcs/sources_1/imports/srcs/slc3_testtop.sv" Line 4. Module slc3_testtop_default has a timescale but at least one module in design doesn't have timescale.
WARNING: [XSIM 43-4100] "C:/Users/cherr/ece385/ECE385_Lab5/ECE385_Lab5.srcs/sources_1/imports/srcs/synchronizers.sv" Line 5. Module sync has a timescale but at least one module in design doesn't have timescale.
WARNING: [XSIM 43-4100] "C:/Users/cherr/ece385/ECE385_Lab5/ECE385_Lab5.srcs/sources_1/imports/srcs/synchronizers.sv" Line 5. Module sync has a timescale but at least one module in design doesn't have timescale.
WARNING: [XSIM 43-4100] "C:/Users/cherr/ece385/ECE385_Lab5/ECE385_Lab5.srcs/sources_1/imports/srcs/slc3.sv" Line 22. Module slc3 has a timescale but at least one module in design doesn't have timescale.
WARNING: [XSIM 43-4100] "C:/Users/cherr/ece385/ECE385_Lab5/ECE385_Lab5.srcs/sources_1/new/regfile.sv" Line 4. Module regfile has a timescale but at least one module in design doesn't have timescale.
WARNING: [XSIM 43-4100] "C:/Users/cherr/ece385/ECE385_Lab5/ECE385_Lab5.srcs/sources_1/imports/srcs/test_memory.sv" Line 29. Module test_memory has a timescale but at least one module in design doesn't have timescale.
WARNING: [XSIM 43-4100] "C:/Users/cherr/ece385/ECE385_Lab5/ECE385_Lab5.srcs/sources_1/imports/srcs/memory_contents.sv" Line 19. Module memory_parser has a timescale but at least one module in design doesn't have timescale.
WARNING: [XSIM 43-4100] "C:/Users/cherr/ece385/ECE385_Lab5/ECE385_Lab5.srcs/sim_1/new/testbenchbless.sv" Line 1. Module testbenchbless has a timescale but at least one module in design doesn't have timescale.
WARNING: [XSIM 43-4100] "C:/Users/cherr/ece385/ECE385_Lab5/ECE385_Lab5.srcs/sources_1/imports/srcs/slc3_testtop.sv" Line 4. Module slc3_testtop_default has a timescale but at least one module in design doesn't have timescale.
WARNING: [XSIM 43-4100] "C:/Users/cherr/ece385/ECE385_Lab5/ECE385_Lab5.srcs/sources_1/imports/srcs/synchronizers.sv" Line 5. Module sync has a timescale but at least one module in design doesn't have timescale.
WARNING: [XSIM 43-4100] "C:/Users/cherr/ece385/ECE385_Lab5/ECE385_Lab5.srcs/sources_1/imports/srcs/synchronizers.sv" Line 5. Module sync has a timescale but at least one module in design doesn't have timescale.
WARNING: [XSIM 43-4100] "C:/Users/cherr/ece385/ECE385_Lab5/ECE385_Lab5.srcs/sources_1/imports/srcs/slc3.sv" Line 22. Module slc3 has a timescale but at least one module in design doesn't have timescale.
WARNING: [XSIM 43-4100] "C:/Users/cherr/ece385/ECE385_Lab5/ECE385_Lab5.srcs/sources_1/new/regfile.sv" Line 4. Module regfile has a timescale but at least one module in design doesn't have timescale.
WARNING: [XSIM 43-4100] "C:/Users/cherr/ece385/ECE385_Lab5/ECE385_Lab5.srcs/sources_1/imports/srcs/test_memory.sv" Line 29. Module test_memory has a timescale but at least one module in design doesn't have timescale.
WARNING: [XSIM 43-4100] "C:/Users/cherr/ece385/ECE385_Lab5/ECE385_Lab5.srcs/sources_1/imports/srcs/memory_contents.sv" Line 19. Module memory_parser has a timescale but at least one module in design doesn't have timescale.
WARNING: [XSIM 43-4100] "C:/Users/cherr/ece385/ECE385_Lab5/ECE385_Lab5.sim/sim_1/behav/xsim/glbl.v" Line 6. Module glbl has a timescale but at least one module in design doesn't have timescale.
WARNING: [XSIM 43-4100] "C:/Users/cherr/ece385/ECE385_Lab5/ECE385_Lab5.sim/sim_1/behav/xsim/glbl.v" Line 6. Module glbl has a timescale but at least one module in design doesn't have timescale.
Completed simulation data flow analysis
Time Resolution for simulation is 1ps
Compiling package xil_defaultlib.SLC3_2
Compiling module xil_defaultlib.sync
Compiling module xil_defaultlib.nibble_to_hex
Compiling module xil_defaultlib.HexDriver_default
Compiling module xil_defaultlib.reg_17
Compiling module xil_defaultlib.regfile
Compiling module xil_defaultlib.Mem2IO
Compiling module xil_defaultlib.ISDU
Compiling module xil_defaultlib.slc3
Compiling module xil_defaultlib.memory_parser
Compiling module xil_defaultlib.test_memory
Compiling module xil_defaultlib.slc3_testtop_default
Compiling module xil_defaultlib.testbenchbless
Compiling module xil_defaultlib.glbl
Built simulation snapshot testbenchbless_behav
