Vivado Simulator v2022.2
Copyright 1986-1999, 2001-2022 Xilinx, Inc. All Rights Reserved.
Running: C:/Xilinx/Vivado/2022.2/bin/unwrapped/win64.o/xelab.exe --incr --debug typical --relax --mt 2 -L xil_defaultlib -L uvm -L unisims_ver -L unimacro_ver -L secureip --snapshot testbench_behav xil_defaultlib.testbench xil_defaultlib.glbl -log elaborate.log 
Using 2 slave threads.
Starting static elaboration
Pass Through NonSizing Optimizer
WARNING: [VRFC 10-3823] variable 'cx' might have multiple concurrent drivers [C:/Users/cherr/ECE385_Lab3/ECE385_Lab3.srcs/sources_1/imports/design_source/lookahead_adder.sv:23]
WARNING: [VRFC 10-3823] variable 'cx' might have multiple concurrent drivers [C:/Users/cherr/ECE385_Lab3/ECE385_Lab3.srcs/sources_1/imports/design_source/lookahead_adder.sv:24]
WARNING: [VRFC 10-3823] variable 'cx' might have multiple concurrent drivers [C:/Users/cherr/ECE385_Lab3/ECE385_Lab3.srcs/sources_1/imports/design_source/lookahead_adder.sv:25]
WARNING: [VRFC 10-3823] variable 'x' might have multiple concurrent drivers [C:/Users/cherr/ECE385_Lab3/ECE385_Lab3.srcs/sources_1/new/fourbit_cla.sv:54]
WARNING: [VRFC 10-3823] variable 'x' might have multiple concurrent drivers [C:/Users/cherr/ECE385_Lab3/ECE385_Lab3.srcs/sources_1/new/fourbit_cla.sv:55]
WARNING: [VRFC 10-3823] variable 'x' might have multiple concurrent drivers [C:/Users/cherr/ECE385_Lab3/ECE385_Lab3.srcs/sources_1/new/fourbit_cla.sv:56]
Completed static elaboration
Starting simulation data flow analysis
Completed simulation data flow analysis
Time Resolution for simulation is 1ps
Compiling module xil_defaultlib.full_adder
Compiling module xil_defaultlib.fourbit_cla
Compiling module xil_defaultlib.lookahead_adder
Compiling module xil_defaultlib.testbench
Compiling module xil_defaultlib.glbl
Built simulation snapshot testbench_behav
