15:59:20 DEBUG : Logs will be stored at 'C:/Users/cherr/ECE385_Lab7/workspace5/IDE.log'.
15:59:22 INFO  : Platform repository initialization has completed.
15:59:22 INFO  : Launching XSCT server: xsct.bat -n  -interactive C:\Users\cherr\ECE385_Lab7\workspace5\temp_xsdb_launch_script.tcl
15:59:22 INFO  : Registering command handlers for Vitis TCF services
15:59:24 INFO  : XSCT server has started successfully.
15:59:24 INFO  : Successfully done setting XSCT server connection channel  
15:59:24 INFO  : plnx-install-location is set to ''
15:59:24 INFO  : Successfully done query RDI_DATADIR 
15:59:24 INFO  : Successfully done setting workspace for the tool. 
16:00:13 INFO  : Result from executing command 'getProjects': mb_usb_hdmi_top
16:00:13 INFO  : Result from executing command 'getPlatforms': 
16:00:13 WARN  : An unexpected exception occurred in the module 'platform project logging'
16:00:13 INFO  : Platform 'mb_usb_hdmi_top' is added to custom repositories.
16:00:15 INFO  : Platform 'mb_usb_hdmi_top' is added to custom repositories.
16:03:22 INFO  : Result from executing command 'getProjects': mb_usb_hdmi_top
16:03:22 INFO  : Result from executing command 'getPlatforms': mb_usb_hdmi_top|C:/Users/cherr/ECE385_Lab7/workspace5/mb_usb_hdmi_top/export/mb_usb_hdmi_top/mb_usb_hdmi_top.xpfm
17:00:32 DEBUG : Logs will be stored at 'C:/Users/cherr/ECE385_Lab7/workspace5/IDE.log'.
17:00:32 INFO  : Launching XSCT server: xsct.bat -n  -interactive C:\Users\cherr\ECE385_Lab7\workspace5\temp_xsdb_launch_script.tcl
17:00:33 INFO  : Platform repository initialization has completed.
17:00:34 INFO  : XSCT server has started successfully.
17:00:34 INFO  : plnx-install-location is set to ''
17:00:34 INFO  : Successfully done setting XSCT server connection channel  
17:00:35 INFO  : Registering command handlers for Vitis TCF services
17:00:35 INFO  : Successfully done setting workspace for the tool. 
17:00:35 INFO  : Successfully done query RDI_DATADIR 
17:01:03 INFO  : Hardware specification for platform project 'mb_usb_hdmi_top' is updated.
17:07:15 INFO  : Result from executing command 'removePlatformRepo': 
17:07:28 INFO  : Hardware specification for platform project 'mb_usb_hdmi_top' is updated.
17:07:45 INFO  : Result from executing command 'getProjects': mb_usb_hdmi_top
17:07:45 INFO  : Result from executing command 'getPlatforms': 
17:07:45 INFO  : Checking for BSP changes to sync application flags for project 'bruh2'...
17:08:19 INFO  : Connected to target on host '127.0.0.1' and port '3121'.
17:08:19 INFO  : Jtag cable 'RealDigital Boo 8874292302D5A' is selected.
17:08:19 INFO  : 'jtag frequency' command is executed.
17:08:19 INFO  : 'targets -set -filter {jtag_cable_name =~ "RealDigital Boo 8874292302D5A" && level==0 && jtag_device_ctx=="jsn1-0362f093-0"}' command is executed.
17:08:21 INFO  : Device configured successfully with "C:/Users/cherr/ECE385_Lab7/workspace5/bruh2/_ide/bitstream/mb_usb_hdmi_top.bit"
17:08:21 INFO  : Context for processor 'microblaze_0' is selected.
17:08:21 INFO  : Hardware design and registers information is loaded from 'C:/Users/cherr/ECE385_Lab7/workspace5/mb_usb_hdmi_top/export/mb_usb_hdmi_top/hw/mb_usb_hdmi_top.xsa'.
17:08:21 INFO  : 'configparams mdm-detect-bscan-mask 2' command is executed.
17:08:21 INFO  : Context for processor 'microblaze_0' is selected.
17:08:21 INFO  : System reset is completed.
17:08:24 INFO  : 'after 3000' command is executed.
17:08:24 INFO  : Context for processor 'microblaze_0' is selected.
17:08:24 INFO  : The application 'C:/Users/cherr/ECE385_Lab7/workspace5/bruh2/Debug/bruh2.elf' is downloaded to processor 'microblaze_0'.
17:08:24 INFO  : ----------------XSDB Script----------------
connect -url tcp:127.0.0.1:3121
targets -set -filter {jtag_cable_name =~ "RealDigital Boo 8874292302D5A" && level==0 && jtag_device_ctx=="jsn1-0362f093-0"}
fpga -file C:/Users/cherr/ECE385_Lab7/workspace5/bruh2/_ide/bitstream/mb_usb_hdmi_top.bit
targets -set -nocase -filter {name =~ "*microblaze*#0" && bscan=="USER2" }
loadhw -hw C:/Users/cherr/ECE385_Lab7/workspace5/mb_usb_hdmi_top/export/mb_usb_hdmi_top/hw/mb_usb_hdmi_top.xsa -regs
configparams mdm-detect-bscan-mask 2
targets -set -nocase -filter {name =~ "*microblaze*#0" && bscan=="USER2" }
rst -system
after 3000
targets -set -nocase -filter {name =~ "*microblaze*#0" && bscan=="USER2" }
dow C:/Users/cherr/ECE385_Lab7/workspace5/bruh2/Debug/bruh2.elf
----------------End of Script----------------

17:08:24 INFO  : Context for processor 'microblaze_0' is selected.
17:08:24 INFO  : 'con' command is executed.
17:08:24 INFO  : ----------------XSDB Script (After Launch)----------------
targets -set -nocase -filter {name =~ "*microblaze*#0" && bscan=="USER2" }
con
----------------End of Script----------------

17:08:24 INFO  : Disconnected from the channel tcfchan#3.
17:12:15 INFO  : Connected to target on host '127.0.0.1' and port '3121'.
17:12:15 INFO  : Jtag cable 'RealDigital Boo 8874292302D5A' is selected.
17:12:15 INFO  : 'jtag frequency' command is executed.
17:12:15 INFO  : 'targets -set -filter {jtag_cable_name =~ "RealDigital Boo 8874292302D5A" && level==0 && jtag_device_ctx=="jsn1-0362f093-0"}' command is executed.
17:12:16 INFO  : Device configured successfully with "C:/Users/cherr/ECE385_Lab7/workspace5/bruh2/_ide/bitstream/mb_usb_hdmi_top.bit"
17:12:17 INFO  : Context for processor 'microblaze_0' is selected.
17:12:17 INFO  : Hardware design and registers information is loaded from 'C:/Users/cherr/ECE385_Lab7/workspace5/mb_usb_hdmi_top/export/mb_usb_hdmi_top/hw/mb_usb_hdmi_top.xsa'.
17:12:17 INFO  : 'configparams mdm-detect-bscan-mask 2' command is executed.
17:12:17 INFO  : Context for processor 'microblaze_0' is selected.
17:12:17 INFO  : System reset is completed.
17:12:20 INFO  : 'after 3000' command is executed.
17:12:20 INFO  : Context for processor 'microblaze_0' is selected.
17:12:20 INFO  : The application 'C:/Users/cherr/ECE385_Lab7/workspace5/bruh2/Debug/bruh2.elf' is downloaded to processor 'microblaze_0'.
17:12:20 INFO  : ----------------XSDB Script----------------
connect -url tcp:127.0.0.1:3121
targets -set -filter {jtag_cable_name =~ "RealDigital Boo 8874292302D5A" && level==0 && jtag_device_ctx=="jsn1-0362f093-0"}
fpga -file C:/Users/cherr/ECE385_Lab7/workspace5/bruh2/_ide/bitstream/mb_usb_hdmi_top.bit
targets -set -nocase -filter {name =~ "*microblaze*#0" && bscan=="USER2" }
loadhw -hw C:/Users/cherr/ECE385_Lab7/workspace5/mb_usb_hdmi_top/export/mb_usb_hdmi_top/hw/mb_usb_hdmi_top.xsa -regs
configparams mdm-detect-bscan-mask 2
targets -set -nocase -filter {name =~ "*microblaze*#0" && bscan=="USER2" }
rst -system
after 3000
targets -set -nocase -filter {name =~ "*microblaze*#0" && bscan=="USER2" }
dow C:/Users/cherr/ECE385_Lab7/workspace5/bruh2/Debug/bruh2.elf
----------------End of Script----------------

17:12:20 INFO  : Context for processor 'microblaze_0' is selected.
17:12:20 INFO  : 'con' command is executed.
17:12:20 INFO  : ----------------XSDB Script (After Launch)----------------
targets -set -nocase -filter {name =~ "*microblaze*#0" && bscan=="USER2" }
con
----------------End of Script----------------

17:12:20 INFO  : Disconnected from the channel tcfchan#4.
17:14:32 INFO  : Connected to target on host '127.0.0.1' and port '3121'.
17:14:47 INFO  : Jtag cable 'RealDigital Boo 8874292302D5A' is selected.
17:14:47 INFO  : 'jtag frequency' command is executed.
17:14:48 INFO  : 'targets -set -filter {jtag_cable_name =~ "RealDigital Boo 8874292302D5A" && level==0 && jtag_device_ctx=="jsn1-0362f093-0"}' command is executed.
17:14:49 INFO  : Device configured successfully with "C:/Users/cherr/ECE385_Lab7/workspace5/bruh2/_ide/bitstream/mb_usb_hdmi_top.bit"
17:14:49 INFO  : Context for processor 'microblaze_0' is selected.
17:14:49 INFO  : Hardware design and registers information is loaded from 'C:/Users/cherr/ECE385_Lab7/workspace5/mb_usb_hdmi_top/export/mb_usb_hdmi_top/hw/mb_usb_hdmi_top.xsa'.
17:14:49 INFO  : 'configparams mdm-detect-bscan-mask 2' command is executed.
17:14:49 INFO  : Context for processor 'microblaze_0' is selected.
17:14:49 INFO  : System reset is completed.
17:14:52 INFO  : 'after 3000' command is executed.
17:14:52 INFO  : Context for processor 'microblaze_0' is selected.
17:14:52 INFO  : The application 'C:/Users/cherr/ECE385_Lab7/workspace5/bruh2/Debug/bruh2.elf' is downloaded to processor 'microblaze_0'.
17:14:52 INFO  : ----------------XSDB Script----------------
connect -url tcp:127.0.0.1:3121
targets -set -filter {jtag_cable_name =~ "RealDigital Boo 8874292302D5A" && level==0 && jtag_device_ctx=="jsn1-0362f093-0"}
fpga -file C:/Users/cherr/ECE385_Lab7/workspace5/bruh2/_ide/bitstream/mb_usb_hdmi_top.bit
targets -set -nocase -filter {name =~ "*microblaze*#0" && bscan=="USER2" }
loadhw -hw C:/Users/cherr/ECE385_Lab7/workspace5/mb_usb_hdmi_top/export/mb_usb_hdmi_top/hw/mb_usb_hdmi_top.xsa -regs
configparams mdm-detect-bscan-mask 2
targets -set -nocase -filter {name =~ "*microblaze*#0" && bscan=="USER2" }
rst -system
after 3000
targets -set -nocase -filter {name =~ "*microblaze*#0" && bscan=="USER2" }
dow C:/Users/cherr/ECE385_Lab7/workspace5/bruh2/Debug/bruh2.elf
----------------End of Script----------------

17:14:52 INFO  : Context for processor 'microblaze_0' is selected.
17:14:52 INFO  : 'con' command is executed.
17:14:52 INFO  : ----------------XSDB Script (After Launch)----------------
targets -set -nocase -filter {name =~ "*microblaze*#0" && bscan=="USER2" }
con
----------------End of Script----------------

17:14:52 INFO  : Disconnected from the channel tcfchan#5.
17:25:09 INFO  : Connected to target on host '127.0.0.1' and port '3121'.
17:25:09 INFO  : Jtag cable 'RealDigital Boo 8874292302D5A' is selected.
17:25:09 INFO  : 'jtag frequency' command is executed.
17:25:09 INFO  : 'targets -set -filter {jtag_cable_name =~ "RealDigital Boo 8874292302D5A" && level==0 && jtag_device_ctx=="jsn1-0362f093-0"}' command is executed.
17:25:10 INFO  : Device configured successfully with "C:/Users/cherr/ECE385_Lab7/workspace5/bruh2/_ide/bitstream/mb_usb_hdmi_top.bit"
17:25:10 INFO  : Context for processor 'microblaze_0' is selected.
17:25:10 INFO  : Hardware design and registers information is loaded from 'C:/Users/cherr/ECE385_Lab7/workspace5/mb_usb_hdmi_top/export/mb_usb_hdmi_top/hw/mb_usb_hdmi_top.xsa'.
17:25:10 INFO  : 'configparams mdm-detect-bscan-mask 2' command is executed.
17:25:10 INFO  : Context for processor 'microblaze_0' is selected.
17:25:10 INFO  : System reset is completed.
17:25:13 INFO  : 'after 3000' command is executed.
17:25:13 INFO  : Context for processor 'microblaze_0' is selected.
17:25:14 INFO  : The application 'C:/Users/cherr/ECE385_Lab7/workspace5/bruh2/Debug/bruh2.elf' is downloaded to processor 'microblaze_0'.
17:25:14 INFO  : ----------------XSDB Script----------------
connect -url tcp:127.0.0.1:3121
targets -set -filter {jtag_cable_name =~ "RealDigital Boo 8874292302D5A" && level==0 && jtag_device_ctx=="jsn1-0362f093-0"}
fpga -file C:/Users/cherr/ECE385_Lab7/workspace5/bruh2/_ide/bitstream/mb_usb_hdmi_top.bit
targets -set -nocase -filter {name =~ "*microblaze*#0" && bscan=="USER2" }
loadhw -hw C:/Users/cherr/ECE385_Lab7/workspace5/mb_usb_hdmi_top/export/mb_usb_hdmi_top/hw/mb_usb_hdmi_top.xsa -regs
configparams mdm-detect-bscan-mask 2
targets -set -nocase -filter {name =~ "*microblaze*#0" && bscan=="USER2" }
rst -system
after 3000
targets -set -nocase -filter {name =~ "*microblaze*#0" && bscan=="USER2" }
dow C:/Users/cherr/ECE385_Lab7/workspace5/bruh2/Debug/bruh2.elf
----------------End of Script----------------

17:25:14 INFO  : Context for processor 'microblaze_0' is selected.
17:25:14 INFO  : 'con' command is executed.
17:25:14 INFO  : ----------------XSDB Script (After Launch)----------------
targets -set -nocase -filter {name =~ "*microblaze*#0" && bscan=="USER2" }
con
----------------End of Script----------------

17:25:14 INFO  : Disconnected from the channel tcfchan#6.
17:26:25 INFO  : Hardware specification for platform project 'mb_usb_hdmi_top' is updated.
17:26:37 INFO  : Result from executing command 'getProjects': mb_usb_hdmi_top
17:26:37 INFO  : Result from executing command 'getPlatforms': mb_usb_hdmi_top|C:/Users/cherr/ECE385_Lab7/workspace5/mb_usb_hdmi_top/export/mb_usb_hdmi_top/mb_usb_hdmi_top.xpfm
17:26:38 INFO  : Checking for BSP changes to sync application flags for project 'bruh2'...
17:26:39 INFO  : The hardware specification used by project 'bruh2' is out of sync with the platform. Resource files extracted from the hardware specification will be updated.
17:26:39 INFO  : The file 'C:\Users\cherr\ECE385_Lab7\workspace5\bruh2\_ide\bitstream\mb_usb_hdmi_top.bit' stored in project is removed.
17:26:39 INFO  : The file 'C:\Users\cherr\ECE385_Lab7\workspace5\bruh2\_ide\bitstream\mb_usb_hdmi_top.mmi' stored in project is removed.
17:26:39 INFO  : The updated bitstream files are copied from platform to folder 'C:\Users\cherr\ECE385_Lab7\workspace5\bruh2\_ide\bitstream' in project 'bruh2'.
17:26:55 INFO  : Connected to target on host '127.0.0.1' and port '3121'.
17:26:55 INFO  : Jtag cable 'RealDigital Boo 8874292302D5A' is selected.
17:26:55 INFO  : 'jtag frequency' command is executed.
17:26:55 INFO  : 'targets -set -filter {jtag_cable_name =~ "RealDigital Boo 8874292302D5A" && level==0 && jtag_device_ctx=="jsn1-0362f093-0"}' command is executed.
17:26:56 INFO  : Device configured successfully with "C:/Users/cherr/ECE385_Lab7/workspace5/bruh2/_ide/bitstream/mb_usb_hdmi_top.bit"
17:26:56 INFO  : Context for processor 'microblaze_0' is selected.
17:26:57 INFO  : Hardware design and registers information is loaded from 'C:/Users/cherr/ECE385_Lab7/workspace5/mb_usb_hdmi_top/export/mb_usb_hdmi_top/hw/mb_usb_hdmi_top.xsa'.
17:26:57 INFO  : 'configparams mdm-detect-bscan-mask 2' command is executed.
17:26:57 INFO  : Context for processor 'microblaze_0' is selected.
17:26:57 INFO  : System reset is completed.
17:27:00 INFO  : 'after 3000' command is executed.
17:27:00 INFO  : Context for processor 'microblaze_0' is selected.
17:27:00 INFO  : The application 'C:/Users/cherr/ECE385_Lab7/workspace5/bruh2/Debug/bruh2.elf' is downloaded to processor 'microblaze_0'.
17:27:00 INFO  : ----------------XSDB Script----------------
connect -url tcp:127.0.0.1:3121
targets -set -filter {jtag_cable_name =~ "RealDigital Boo 8874292302D5A" && level==0 && jtag_device_ctx=="jsn1-0362f093-0"}
fpga -file C:/Users/cherr/ECE385_Lab7/workspace5/bruh2/_ide/bitstream/mb_usb_hdmi_top.bit
targets -set -nocase -filter {name =~ "*microblaze*#0" && bscan=="USER2" }
loadhw -hw C:/Users/cherr/ECE385_Lab7/workspace5/mb_usb_hdmi_top/export/mb_usb_hdmi_top/hw/mb_usb_hdmi_top.xsa -regs
configparams mdm-detect-bscan-mask 2
targets -set -nocase -filter {name =~ "*microblaze*#0" && bscan=="USER2" }
rst -system
after 3000
targets -set -nocase -filter {name =~ "*microblaze*#0" && bscan=="USER2" }
dow C:/Users/cherr/ECE385_Lab7/workspace5/bruh2/Debug/bruh2.elf
----------------End of Script----------------

17:27:00 INFO  : Context for processor 'microblaze_0' is selected.
17:27:00 INFO  : 'con' command is executed.
17:27:00 INFO  : ----------------XSDB Script (After Launch)----------------
targets -set -nocase -filter {name =~ "*microblaze*#0" && bscan=="USER2" }
con
----------------End of Script----------------

17:27:00 INFO  : Disconnected from the channel tcfchan#8.
17:32:36 INFO  : Hardware specification for platform project 'mb_usb_hdmi_top' is updated.
17:32:49 INFO  : Result from executing command 'removePlatformRepo': 
17:32:56 INFO  : Hardware specification for platform project 'mb_usb_hdmi_top' is updated.
17:33:05 INFO  : Result from executing command 'getProjects': mb_usb_hdmi_top
17:33:05 INFO  : Result from executing command 'getPlatforms': 
17:33:06 INFO  : Checking for BSP changes to sync application flags for project 'bruh2'...
17:33:07 INFO  : The hardware specification used by project 'bruh2' is out of sync with the platform. Resource files extracted from the hardware specification will be updated.
17:33:07 INFO  : The file 'C:\Users\cherr\ECE385_Lab7\workspace5\bruh2\_ide\bitstream\mb_usb_hdmi_top.bit' stored in project is removed.
17:33:07 INFO  : The file 'C:\Users\cherr\ECE385_Lab7\workspace5\bruh2\_ide\bitstream\mb_usb_hdmi_top.mmi' stored in project is removed.
17:33:07 INFO  : The updated bitstream files are copied from platform to folder 'C:\Users\cherr\ECE385_Lab7\workspace5\bruh2\_ide\bitstream' in project 'bruh2'.
17:33:14 INFO  : Connected to target on host '127.0.0.1' and port '3121'.
17:33:14 INFO  : Jtag cable 'RealDigital Boo 8874292302D5A' is selected.
17:33:14 INFO  : 'jtag frequency' command is executed.
17:33:14 INFO  : 'targets -set -filter {jtag_cable_name =~ "RealDigital Boo 8874292302D5A" && level==0 && jtag_device_ctx=="jsn1-0362f093-0"}' command is executed.
17:33:15 INFO  : Device configured successfully with "C:/Users/cherr/ECE385_Lab7/workspace5/bruh2/_ide/bitstream/mb_usb_hdmi_top.bit"
17:33:16 INFO  : Context for processor 'microblaze_0' is selected.
17:33:16 INFO  : Hardware design and registers information is loaded from 'C:/Users/cherr/ECE385_Lab7/workspace5/mb_usb_hdmi_top/export/mb_usb_hdmi_top/hw/mb_usb_hdmi_top.xsa'.
17:33:16 INFO  : 'configparams mdm-detect-bscan-mask 2' command is executed.
17:33:16 INFO  : Context for processor 'microblaze_0' is selected.
17:33:16 INFO  : System reset is completed.
17:33:19 INFO  : 'after 3000' command is executed.
17:33:19 INFO  : Context for processor 'microblaze_0' is selected.
17:33:19 INFO  : The application 'C:/Users/cherr/ECE385_Lab7/workspace5/bruh2/Debug/bruh2.elf' is downloaded to processor 'microblaze_0'.
17:33:19 INFO  : ----------------XSDB Script----------------
connect -url tcp:127.0.0.1:3121
targets -set -filter {jtag_cable_name =~ "RealDigital Boo 8874292302D5A" && level==0 && jtag_device_ctx=="jsn1-0362f093-0"}
fpga -file C:/Users/cherr/ECE385_Lab7/workspace5/bruh2/_ide/bitstream/mb_usb_hdmi_top.bit
targets -set -nocase -filter {name =~ "*microblaze*#0" && bscan=="USER2" }
loadhw -hw C:/Users/cherr/ECE385_Lab7/workspace5/mb_usb_hdmi_top/export/mb_usb_hdmi_top/hw/mb_usb_hdmi_top.xsa -regs
configparams mdm-detect-bscan-mask 2
targets -set -nocase -filter {name =~ "*microblaze*#0" && bscan=="USER2" }
rst -system
after 3000
targets -set -nocase -filter {name =~ "*microblaze*#0" && bscan=="USER2" }
dow C:/Users/cherr/ECE385_Lab7/workspace5/bruh2/Debug/bruh2.elf
----------------End of Script----------------

17:33:19 INFO  : Context for processor 'microblaze_0' is selected.
17:33:19 INFO  : 'con' command is executed.
17:33:19 INFO  : ----------------XSDB Script (After Launch)----------------
targets -set -nocase -filter {name =~ "*microblaze*#0" && bscan=="USER2" }
con
----------------End of Script----------------

17:33:19 INFO  : Disconnected from the channel tcfchan#11.
17:33:57 INFO  : Connected to target on host '127.0.0.1' and port '3121'.
17:33:57 INFO  : Jtag cable 'RealDigital Boo 8874292302D5A' is selected.
17:33:57 INFO  : 'jtag frequency' command is executed.
17:33:57 INFO  : 'targets -set -filter {jtag_cable_name =~ "RealDigital Boo 8874292302D5A" && level==0 && jtag_device_ctx=="jsn1-0362f093-0"}' command is executed.
17:33:58 INFO  : Device configured successfully with "C:/Users/cherr/ECE385_Lab7/workspace5/bruh2/_ide/bitstream/mb_usb_hdmi_top.bit"
17:33:59 INFO  : Context for processor 'microblaze_0' is selected.
17:33:59 INFO  : Hardware design and registers information is loaded from 'C:/Users/cherr/ECE385_Lab7/workspace5/mb_usb_hdmi_top/export/mb_usb_hdmi_top/hw/mb_usb_hdmi_top.xsa'.
17:33:59 INFO  : 'configparams mdm-detect-bscan-mask 2' command is executed.
17:33:59 INFO  : Context for processor 'microblaze_0' is selected.
17:33:59 INFO  : System reset is completed.
17:34:02 INFO  : 'after 3000' command is executed.
17:34:02 INFO  : Context for processor 'microblaze_0' is selected.
17:34:02 INFO  : The application 'C:/Users/cherr/ECE385_Lab7/workspace5/bruh2/Debug/bruh2.elf' is downloaded to processor 'microblaze_0'.
17:34:02 INFO  : ----------------XSDB Script----------------
connect -url tcp:127.0.0.1:3121
targets -set -filter {jtag_cable_name =~ "RealDigital Boo 8874292302D5A" && level==0 && jtag_device_ctx=="jsn1-0362f093-0"}
fpga -file C:/Users/cherr/ECE385_Lab7/workspace5/bruh2/_ide/bitstream/mb_usb_hdmi_top.bit
targets -set -nocase -filter {name =~ "*microblaze*#0" && bscan=="USER2" }
loadhw -hw C:/Users/cherr/ECE385_Lab7/workspace5/mb_usb_hdmi_top/export/mb_usb_hdmi_top/hw/mb_usb_hdmi_top.xsa -regs
configparams mdm-detect-bscan-mask 2
targets -set -nocase -filter {name =~ "*microblaze*#0" && bscan=="USER2" }
rst -system
after 3000
targets -set -nocase -filter {name =~ "*microblaze*#0" && bscan=="USER2" }
dow C:/Users/cherr/ECE385_Lab7/workspace5/bruh2/Debug/bruh2.elf
----------------End of Script----------------

17:34:02 INFO  : Context for processor 'microblaze_0' is selected.
17:34:02 INFO  : 'con' command is executed.
17:34:02 INFO  : ----------------XSDB Script (After Launch)----------------
targets -set -nocase -filter {name =~ "*microblaze*#0" && bscan=="USER2" }
con
----------------End of Script----------------

17:34:02 INFO  : Disconnected from the channel tcfchan#12.
17:40:03 INFO  : Hardware specification for platform project 'mb_usb_hdmi_top' is updated.
17:40:12 INFO  : Result from executing command 'removePlatformRepo': 
17:40:22 INFO  : Hardware specification for platform project 'mb_usb_hdmi_top' is updated.
17:40:39 INFO  : Result from executing command 'getProjects': mb_usb_hdmi_top
17:40:39 INFO  : Result from executing command 'getPlatforms': 
17:40:39 INFO  : Checking for BSP changes to sync application flags for project 'bruh2'...
17:40:41 INFO  : The hardware specification used by project 'bruh2' is out of sync with the platform. Resource files extracted from the hardware specification will be updated.
17:40:41 INFO  : The file 'C:\Users\cherr\ECE385_Lab7\workspace5\bruh2\_ide\bitstream\mb_usb_hdmi_top.bit' stored in project is removed.
17:40:41 INFO  : The file 'C:\Users\cherr\ECE385_Lab7\workspace5\bruh2\_ide\bitstream\mb_usb_hdmi_top.mmi' stored in project is removed.
17:40:41 INFO  : The updated bitstream files are copied from platform to folder 'C:\Users\cherr\ECE385_Lab7\workspace5\bruh2\_ide\bitstream' in project 'bruh2'.
17:40:49 INFO  : Connected to target on host '127.0.0.1' and port '3121'.
17:40:49 INFO  : Jtag cable 'RealDigital Boo 8874292302D5A' is selected.
17:40:49 INFO  : 'jtag frequency' command is executed.
17:40:49 INFO  : 'targets -set -filter {jtag_cable_name =~ "RealDigital Boo 8874292302D5A" && level==0 && jtag_device_ctx=="jsn1-0362f093-0"}' command is executed.
17:40:51 INFO  : Device configured successfully with "C:/Users/cherr/ECE385_Lab7/workspace5/bruh2/_ide/bitstream/mb_usb_hdmi_top.bit"
17:40:51 INFO  : Context for processor 'microblaze_0' is selected.
17:40:51 INFO  : Hardware design and registers information is loaded from 'C:/Users/cherr/ECE385_Lab7/workspace5/mb_usb_hdmi_top/export/mb_usb_hdmi_top/hw/mb_usb_hdmi_top.xsa'.
17:40:51 INFO  : 'configparams mdm-detect-bscan-mask 2' command is executed.
17:40:51 INFO  : Context for processor 'microblaze_0' is selected.
17:40:51 INFO  : System reset is completed.
17:40:54 INFO  : 'after 3000' command is executed.
17:40:54 INFO  : Context for processor 'microblaze_0' is selected.
17:40:54 INFO  : The application 'C:/Users/cherr/ECE385_Lab7/workspace5/bruh2/Debug/bruh2.elf' is downloaded to processor 'microblaze_0'.
17:40:54 INFO  : ----------------XSDB Script----------------
connect -url tcp:127.0.0.1:3121
targets -set -filter {jtag_cable_name =~ "RealDigital Boo 8874292302D5A" && level==0 && jtag_device_ctx=="jsn1-0362f093-0"}
fpga -file C:/Users/cherr/ECE385_Lab7/workspace5/bruh2/_ide/bitstream/mb_usb_hdmi_top.bit
targets -set -nocase -filter {name =~ "*microblaze*#0" && bscan=="USER2" }
loadhw -hw C:/Users/cherr/ECE385_Lab7/workspace5/mb_usb_hdmi_top/export/mb_usb_hdmi_top/hw/mb_usb_hdmi_top.xsa -regs
configparams mdm-detect-bscan-mask 2
targets -set -nocase -filter {name =~ "*microblaze*#0" && bscan=="USER2" }
rst -system
after 3000
targets -set -nocase -filter {name =~ "*microblaze*#0" && bscan=="USER2" }
dow C:/Users/cherr/ECE385_Lab7/workspace5/bruh2/Debug/bruh2.elf
----------------End of Script----------------

17:40:54 INFO  : Context for processor 'microblaze_0' is selected.
17:40:54 INFO  : 'con' command is executed.
17:40:54 INFO  : ----------------XSDB Script (After Launch)----------------
targets -set -nocase -filter {name =~ "*microblaze*#0" && bscan=="USER2" }
con
----------------End of Script----------------

17:40:54 INFO  : Disconnected from the channel tcfchan#15.
17:56:34 INFO  : Checking for BSP changes to sync application flags for project 'bruh2'...
17:56:44 INFO  : Connected to target on host '127.0.0.1' and port '3121'.
17:56:44 INFO  : Jtag cable 'RealDigital Boo 8874292302D5A' is selected.
17:56:44 INFO  : 'jtag frequency' command is executed.
17:56:44 INFO  : 'targets -set -filter {jtag_cable_name =~ "RealDigital Boo 8874292302D5A" && level==0 && jtag_device_ctx=="jsn1-0362f093-0"}' command is executed.
17:56:46 INFO  : Device configured successfully with "C:/Users/cherr/ECE385_Lab7/workspace5/bruh2/_ide/bitstream/mb_usb_hdmi_top.bit"
17:56:46 INFO  : Context for processor 'microblaze_0' is selected.
17:56:46 INFO  : Hardware design and registers information is loaded from 'C:/Users/cherr/ECE385_Lab7/workspace5/mb_usb_hdmi_top/export/mb_usb_hdmi_top/hw/mb_usb_hdmi_top.xsa'.
17:56:46 INFO  : 'configparams mdm-detect-bscan-mask 2' command is executed.
17:56:46 INFO  : Context for processor 'microblaze_0' is selected.
17:56:46 INFO  : System reset is completed.
17:56:49 INFO  : 'after 3000' command is executed.
17:56:49 INFO  : Context for processor 'microblaze_0' is selected.
17:56:49 INFO  : The application 'C:/Users/cherr/ECE385_Lab7/workspace5/bruh2/Debug/bruh2.elf' is downloaded to processor 'microblaze_0'.
17:56:49 INFO  : ----------------XSDB Script----------------
connect -url tcp:127.0.0.1:3121
targets -set -filter {jtag_cable_name =~ "RealDigital Boo 8874292302D5A" && level==0 && jtag_device_ctx=="jsn1-0362f093-0"}
fpga -file C:/Users/cherr/ECE385_Lab7/workspace5/bruh2/_ide/bitstream/mb_usb_hdmi_top.bit
targets -set -nocase -filter {name =~ "*microblaze*#0" && bscan=="USER2" }
loadhw -hw C:/Users/cherr/ECE385_Lab7/workspace5/mb_usb_hdmi_top/export/mb_usb_hdmi_top/hw/mb_usb_hdmi_top.xsa -regs
configparams mdm-detect-bscan-mask 2
targets -set -nocase -filter {name =~ "*microblaze*#0" && bscan=="USER2" }
rst -system
after 3000
targets -set -nocase -filter {name =~ "*microblaze*#0" && bscan=="USER2" }
dow C:/Users/cherr/ECE385_Lab7/workspace5/bruh2/Debug/bruh2.elf
----------------End of Script----------------

17:56:49 INFO  : Context for processor 'microblaze_0' is selected.
17:56:49 INFO  : 'con' command is executed.
17:56:49 INFO  : ----------------XSDB Script (After Launch)----------------
targets -set -nocase -filter {name =~ "*microblaze*#0" && bscan=="USER2" }
con
----------------End of Script----------------

17:56:49 INFO  : Disconnected from the channel tcfchan#16.
17:56:55 INFO  : Hardware specification for platform project 'mb_usb_hdmi_top' is updated.
17:57:05 INFO  : Result from executing command 'removePlatformRepo': 
17:57:15 INFO  : Hardware specification for platform project 'mb_usb_hdmi_top' is updated.
17:57:28 INFO  : Result from executing command 'getProjects': mb_usb_hdmi_top
17:57:28 INFO  : Result from executing command 'getPlatforms': 
17:57:28 INFO  : Checking for BSP changes to sync application flags for project 'bruh2'...
17:57:30 INFO  : The hardware specification used by project 'bruh2' is out of sync with the platform. Resource files extracted from the hardware specification will be updated.
17:57:30 INFO  : The file 'C:\Users\cherr\ECE385_Lab7\workspace5\bruh2\_ide\bitstream\mb_usb_hdmi_top.bit' stored in project is removed.
17:57:30 INFO  : The file 'C:\Users\cherr\ECE385_Lab7\workspace5\bruh2\_ide\bitstream\mb_usb_hdmi_top.mmi' stored in project is removed.
17:57:30 INFO  : The updated bitstream files are copied from platform to folder 'C:\Users\cherr\ECE385_Lab7\workspace5\bruh2\_ide\bitstream' in project 'bruh2'.
17:57:44 INFO  : Connected to target on host '127.0.0.1' and port '3121'.
17:57:44 INFO  : Jtag cable 'RealDigital Boo 8874292302D5A' is selected.
17:57:44 INFO  : 'jtag frequency' command is executed.
17:57:44 INFO  : 'targets -set -filter {jtag_cable_name =~ "RealDigital Boo 8874292302D5A" && level==0 && jtag_device_ctx=="jsn1-0362f093-0"}' command is executed.
17:57:46 INFO  : Device configured successfully with "C:/Users/cherr/ECE385_Lab7/workspace5/bruh2/_ide/bitstream/mb_usb_hdmi_top.bit"
17:57:46 INFO  : Context for processor 'microblaze_0' is selected.
17:57:46 INFO  : Hardware design and registers information is loaded from 'C:/Users/cherr/ECE385_Lab7/workspace5/mb_usb_hdmi_top/export/mb_usb_hdmi_top/hw/mb_usb_hdmi_top.xsa'.
17:57:46 INFO  : 'configparams mdm-detect-bscan-mask 2' command is executed.
17:57:46 INFO  : Context for processor 'microblaze_0' is selected.
17:57:46 INFO  : System reset is completed.
17:57:49 INFO  : 'after 3000' command is executed.
17:57:49 INFO  : Context for processor 'microblaze_0' is selected.
17:57:49 INFO  : The application 'C:/Users/cherr/ECE385_Lab7/workspace5/bruh2/Debug/bruh2.elf' is downloaded to processor 'microblaze_0'.
17:57:49 INFO  : ----------------XSDB Script----------------
connect -url tcp:127.0.0.1:3121
targets -set -filter {jtag_cable_name =~ "RealDigital Boo 8874292302D5A" && level==0 && jtag_device_ctx=="jsn1-0362f093-0"}
fpga -file C:/Users/cherr/ECE385_Lab7/workspace5/bruh2/_ide/bitstream/mb_usb_hdmi_top.bit
targets -set -nocase -filter {name =~ "*microblaze*#0" && bscan=="USER2" }
loadhw -hw C:/Users/cherr/ECE385_Lab7/workspace5/mb_usb_hdmi_top/export/mb_usb_hdmi_top/hw/mb_usb_hdmi_top.xsa -regs
configparams mdm-detect-bscan-mask 2
targets -set -nocase -filter {name =~ "*microblaze*#0" && bscan=="USER2" }
rst -system
after 3000
targets -set -nocase -filter {name =~ "*microblaze*#0" && bscan=="USER2" }
dow C:/Users/cherr/ECE385_Lab7/workspace5/bruh2/Debug/bruh2.elf
----------------End of Script----------------

17:57:49 INFO  : Context for processor 'microblaze_0' is selected.
17:57:49 INFO  : 'con' command is executed.
17:57:49 INFO  : ----------------XSDB Script (After Launch)----------------
targets -set -nocase -filter {name =~ "*microblaze*#0" && bscan=="USER2" }
con
----------------End of Script----------------

17:57:49 INFO  : Disconnected from the channel tcfchan#19.
10:51:15 INFO  : Connected to target on host '127.0.0.1' and port '3121'.
10:51:15 INFO  : Jtag cable 'RealDigital Boo 8874292302D5A' is selected.
10:51:15 INFO  : 'jtag frequency' command is executed.
10:51:15 INFO  : 'targets -set -filter {jtag_cable_name =~ "RealDigital Boo 8874292302D5A" && level==0 && jtag_device_ctx=="jsn1-0362f093-0"}' command is executed.
10:51:16 INFO  : Device configured successfully with "C:/Users/cherr/ECE385_Lab7/workspace5/bruh2/_ide/bitstream/mb_usb_hdmi_top.bit"
10:51:17 INFO  : Context for processor 'microblaze_0' is selected.
10:51:17 INFO  : Hardware design and registers information is loaded from 'C:/Users/cherr/ECE385_Lab7/workspace5/mb_usb_hdmi_top/export/mb_usb_hdmi_top/hw/mb_usb_hdmi_top.xsa'.
10:51:17 INFO  : 'configparams mdm-detect-bscan-mask 2' command is executed.
10:51:17 INFO  : Context for processor 'microblaze_0' is selected.
10:51:17 INFO  : System reset is completed.
10:51:20 INFO  : 'after 3000' command is executed.
10:51:20 INFO  : Context for processor 'microblaze_0' is selected.
10:51:20 INFO  : The application 'C:/Users/cherr/ECE385_Lab7/workspace5/bruh2/Debug/bruh2.elf' is downloaded to processor 'microblaze_0'.
10:51:20 INFO  : ----------------XSDB Script----------------
connect -url tcp:127.0.0.1:3121
targets -set -filter {jtag_cable_name =~ "RealDigital Boo 8874292302D5A" && level==0 && jtag_device_ctx=="jsn1-0362f093-0"}
fpga -file C:/Users/cherr/ECE385_Lab7/workspace5/bruh2/_ide/bitstream/mb_usb_hdmi_top.bit
targets -set -nocase -filter {name =~ "*microblaze*#0" && bscan=="USER2" }
loadhw -hw C:/Users/cherr/ECE385_Lab7/workspace5/mb_usb_hdmi_top/export/mb_usb_hdmi_top/hw/mb_usb_hdmi_top.xsa -regs
configparams mdm-detect-bscan-mask 2
targets -set -nocase -filter {name =~ "*microblaze*#0" && bscan=="USER2" }
rst -system
after 3000
targets -set -nocase -filter {name =~ "*microblaze*#0" && bscan=="USER2" }
dow C:/Users/cherr/ECE385_Lab7/workspace5/bruh2/Debug/bruh2.elf
----------------End of Script----------------

10:51:20 INFO  : Context for processor 'microblaze_0' is selected.
10:51:20 INFO  : 'con' command is executed.
10:51:20 INFO  : ----------------XSDB Script (After Launch)----------------
targets -set -nocase -filter {name =~ "*microblaze*#0" && bscan=="USER2" }
con
----------------End of Script----------------

10:51:20 INFO  : Disconnected from the channel tcfchan#20.
10:51:42 INFO  : Connected to target on host '127.0.0.1' and port '3121'.
10:51:42 INFO  : Jtag cable 'RealDigital Boo 8874292302D5A' is selected.
10:51:42 INFO  : 'jtag frequency' command is executed.
10:51:42 INFO  : 'targets -set -filter {jtag_cable_name =~ "RealDigital Boo 8874292302D5A" && level==0 && jtag_device_ctx=="jsn1-0362f093-0"}' command is executed.
10:51:43 INFO  : Device configured successfully with "C:/Users/cherr/ECE385_Lab7/workspace5/bruh2/_ide/bitstream/mb_usb_hdmi_top.bit"
10:51:44 INFO  : Context for processor 'microblaze_0' is selected.
10:51:44 INFO  : Hardware design and registers information is loaded from 'C:/Users/cherr/ECE385_Lab7/workspace5/mb_usb_hdmi_top/export/mb_usb_hdmi_top/hw/mb_usb_hdmi_top.xsa'.
10:51:44 INFO  : 'configparams mdm-detect-bscan-mask 2' command is executed.
10:51:44 INFO  : Context for processor 'microblaze_0' is selected.
10:51:44 INFO  : System reset is completed.
10:51:47 INFO  : 'after 3000' command is executed.
10:51:47 INFO  : Context for processor 'microblaze_0' is selected.
10:51:47 INFO  : The application 'C:/Users/cherr/ECE385_Lab7/workspace5/bruh2/Debug/bruh2.elf' is downloaded to processor 'microblaze_0'.
10:51:47 INFO  : ----------------XSDB Script----------------
connect -url tcp:127.0.0.1:3121
targets -set -filter {jtag_cable_name =~ "RealDigital Boo 8874292302D5A" && level==0 && jtag_device_ctx=="jsn1-0362f093-0"}
fpga -file C:/Users/cherr/ECE385_Lab7/workspace5/bruh2/_ide/bitstream/mb_usb_hdmi_top.bit
targets -set -nocase -filter {name =~ "*microblaze*#0" && bscan=="USER2" }
loadhw -hw C:/Users/cherr/ECE385_Lab7/workspace5/mb_usb_hdmi_top/export/mb_usb_hdmi_top/hw/mb_usb_hdmi_top.xsa -regs
configparams mdm-detect-bscan-mask 2
targets -set -nocase -filter {name =~ "*microblaze*#0" && bscan=="USER2" }
rst -system
after 3000
targets -set -nocase -filter {name =~ "*microblaze*#0" && bscan=="USER2" }
dow C:/Users/cherr/ECE385_Lab7/workspace5/bruh2/Debug/bruh2.elf
----------------End of Script----------------

10:51:47 INFO  : Context for processor 'microblaze_0' is selected.
10:51:47 INFO  : 'con' command is executed.
10:51:47 INFO  : ----------------XSDB Script (After Launch)----------------
targets -set -nocase -filter {name =~ "*microblaze*#0" && bscan=="USER2" }
con
----------------End of Script----------------

10:51:47 INFO  : Disconnected from the channel tcfchan#21.
20:53:51 DEBUG : Logs will be stored at 'C:/Users/cherr/ECE385_Lab7/workspace5/IDE.log'.
20:53:52 INFO  : Launching XSCT server: xsct.bat -n  -interactive C:\Users\cherr\ECE385_Lab7\workspace5\temp_xsdb_launch_script.tcl
20:53:54 INFO  : XSCT server has started successfully.
20:53:54 INFO  : Successfully done setting XSCT server connection channel  
20:53:54 INFO  : plnx-install-location is set to ''
20:53:54 INFO  : Successfully done setting workspace for the tool. 
20:53:55 INFO  : Platform repository initialization has completed.
20:53:55 INFO  : Successfully done query RDI_DATADIR 
20:53:55 INFO  : Registering command handlers for Vitis TCF services
20:54:35 INFO  : Connected to target on host '127.0.0.1' and port '3121'.
20:54:35 INFO  : Jtag cable 'RealDigital Boo 88742923012CA' is selected.
20:54:35 INFO  : 'jtag frequency' command is executed.
20:54:35 INFO  : 'targets -set -filter {jtag_cable_name =~ "RealDigital Boo 88742923012CA" && level==0 && jtag_device_ctx=="jsn1-0362f093-0"}' command is executed.
20:54:37 INFO  : Device configured successfully with "C:/Users/cherr/ECE385_Lab7/workspace5/bruh2/_ide/bitstream/mb_usb_hdmi_top.bit"
20:54:37 INFO  : Context for processor 'microblaze_0' is selected.
20:54:37 INFO  : Hardware design and registers information is loaded from 'C:/Users/cherr/ECE385_Lab7/workspace5/mb_usb_hdmi_top/export/mb_usb_hdmi_top/hw/mb_usb_hdmi_top.xsa'.
20:54:37 INFO  : 'configparams mdm-detect-bscan-mask 2' command is executed.
20:54:37 INFO  : Context for processor 'microblaze_0' is selected.
20:54:37 INFO  : System reset is completed.
20:54:40 INFO  : 'after 3000' command is executed.
20:54:40 INFO  : Context for processor 'microblaze_0' is selected.
20:54:40 INFO  : The application 'C:/Users/cherr/ECE385_Lab7/workspace5/bruh2/Debug/bruh2.elf' is downloaded to processor 'microblaze_0'.
20:54:40 INFO  : ----------------XSDB Script----------------
connect -url tcp:127.0.0.1:3121
targets -set -filter {jtag_cable_name =~ "RealDigital Boo 88742923012CA" && level==0 && jtag_device_ctx=="jsn1-0362f093-0"}
fpga -file C:/Users/cherr/ECE385_Lab7/workspace5/bruh2/_ide/bitstream/mb_usb_hdmi_top.bit
targets -set -nocase -filter {name =~ "*microblaze*#0" && bscan=="USER2" }
loadhw -hw C:/Users/cherr/ECE385_Lab7/workspace5/mb_usb_hdmi_top/export/mb_usb_hdmi_top/hw/mb_usb_hdmi_top.xsa -regs
configparams mdm-detect-bscan-mask 2
targets -set -nocase -filter {name =~ "*microblaze*#0" && bscan=="USER2" }
rst -system
after 3000
targets -set -nocase -filter {name =~ "*microblaze*#0" && bscan=="USER2" }
dow C:/Users/cherr/ECE385_Lab7/workspace5/bruh2/Debug/bruh2.elf
----------------End of Script----------------

20:54:40 INFO  : Context for processor 'microblaze_0' is selected.
20:54:40 INFO  : 'con' command is executed.
20:54:40 INFO  : ----------------XSDB Script (After Launch)----------------
targets -set -nocase -filter {name =~ "*microblaze*#0" && bscan=="USER2" }
con
----------------End of Script----------------

20:54:40 INFO  : Disconnected from the channel tcfchan#1.
20:57:19 DEBUG : Logs will be stored at 'C:/Users/cherr/ECE385_Lab7/workspace5/IDE.log'.
20:57:20 INFO  : Launching XSCT server: xsct.bat -n  -interactive C:\Users\cherr\ECE385_Lab7\workspace5\temp_xsdb_launch_script.tcl
20:57:22 INFO  : XSCT server has started successfully.
20:57:22 INFO  : plnx-install-location is set to ''
20:57:22 INFO  : Successfully done setting XSCT server connection channel  
20:57:22 INFO  : Successfully done setting workspace for the tool. 
20:57:23 INFO  : Platform repository initialization has completed.
20:57:23 INFO  : Successfully done query RDI_DATADIR 
20:57:23 INFO  : Registering command handlers for Vitis TCF services
20:58:44 ERROR : Failed to connect to hardware server on host '127.0.0.1' and port '3121'.
Reason: 'connect -url tcp:127.0.0.1:3121' is cancelled.
20:58:44 INFO  : ----------------XSDB Script----------------
connect -url tcp:127.0.0.1:3121
----------------End of Script----------------

02:04:54 DEBUG : Logs will be stored at 'C:/Users/cherr/ece385/ECE385_Lab7/workspace5/IDE.log'.
02:04:55 INFO  : Launching XSCT server: xsct.bat -n  -interactive C:\Users\cherr\ece385\ECE385_Lab7\workspace5\temp_xsdb_launch_script.tcl
02:04:57 INFO  : XSCT server has started successfully.
02:04:57 INFO  : Successfully done setting XSCT server connection channel  
02:04:57 INFO  : plnx-install-location is set to ''
02:04:57 INFO  : Successfully done setting workspace for the tool. 
02:04:58 ERROR : Error encountered while initializing user repository paths
Reason: No Platforms Found.


02:04:58 INFO  : Platform repository initialization has completed.
02:04:58 INFO  : Successfully done query RDI_DATADIR 
02:04:58 INFO  : Registering command handlers for Vitis TCF services
11:55:44 DEBUG : Logs will be stored at 'C:/Users/cherr/ece385/ECE385_Lab7/workspace5/IDE.log'.
11:55:45 INFO  : Launching XSCT server: xsct.bat -n  -interactive C:\Users\cherr\ece385\ECE385_Lab7\workspace5\temp_xsdb_launch_script.tcl
11:55:47 INFO  : XSCT server has started successfully.
11:55:47 INFO  : plnx-install-location is set to ''
11:55:47 INFO  : Successfully done setting XSCT server connection channel  
11:55:47 INFO  : Successfully done setting workspace for the tool. 
11:55:48 ERROR : Error encountered while initializing user repository paths
Reason: No Platforms Found.


11:55:48 INFO  : Platform repository initialization has completed.
11:55:48 INFO  : Successfully done query RDI_DATADIR 
11:55:48 INFO  : Registering command handlers for Vitis TCF services
11:55:58 INFO  : Result from executing command 'getProjects': mb_usb_hdmi_top
11:55:58 INFO  : Result from executing command 'getPlatforms': 
11:55:59 INFO  : Checking for BSP changes to sync application flags for project 'bruh2'...
11:56:05 INFO  : Connected to target on host '127.0.0.1' and port '3121'.
11:56:06 INFO  : Jtag cable 'RealDigital Boo 88742923007DA' is selected.
11:56:06 INFO  : 'jtag frequency' command is executed.
11:56:06 INFO  : 'targets -set -filter {jtag_cable_name =~ "RealDigital Boo 88742923007DA" && level==0 && jtag_device_ctx=="jsn1-0362f093-0"}' command is executed.
11:56:07 INFO  : Device configured successfully with "C:/Users/cherr/ece385/ECE385_Lab7/workspace5/bruh2/_ide/bitstream/mb_usb_hdmi_top.bit"
11:56:07 INFO  : Context for processor 'microblaze_0' is selected.
11:56:07 INFO  : Hardware design and registers information is loaded from 'C:/Users/cherr/ece385/ECE385_Lab7/workspace5/mb_usb_hdmi_top/export/mb_usb_hdmi_top/hw/mb_usb_hdmi_top.xsa'.
11:56:07 INFO  : 'configparams mdm-detect-bscan-mask 2' command is executed.
11:56:07 INFO  : Context for processor 'microblaze_0' is selected.
11:56:07 INFO  : System reset is completed.
11:56:10 INFO  : 'after 3000' command is executed.
11:56:10 INFO  : Context for processor 'microblaze_0' is selected.
11:56:11 INFO  : The application 'C:/Users/cherr/ece385/ECE385_Lab7/workspace5/bruh2/Debug/bruh2.elf' is downloaded to processor 'microblaze_0'.
11:56:11 INFO  : ----------------XSDB Script----------------
connect -url tcp:127.0.0.1:3121
targets -set -filter {jtag_cable_name =~ "RealDigital Boo 88742923007DA" && level==0 && jtag_device_ctx=="jsn1-0362f093-0"}
fpga -file C:/Users/cherr/ece385/ECE385_Lab7/workspace5/bruh2/_ide/bitstream/mb_usb_hdmi_top.bit
targets -set -nocase -filter {name =~ "*microblaze*#0" && bscan=="USER2" }
loadhw -hw C:/Users/cherr/ece385/ECE385_Lab7/workspace5/mb_usb_hdmi_top/export/mb_usb_hdmi_top/hw/mb_usb_hdmi_top.xsa -regs
configparams mdm-detect-bscan-mask 2
targets -set -nocase -filter {name =~ "*microblaze*#0" && bscan=="USER2" }
rst -system
after 3000
targets -set -nocase -filter {name =~ "*microblaze*#0" && bscan=="USER2" }
dow C:/Users/cherr/ece385/ECE385_Lab7/workspace5/bruh2/Debug/bruh2.elf
----------------End of Script----------------

11:56:11 INFO  : Context for processor 'microblaze_0' is selected.
11:56:11 INFO  : 'con' command is executed.
11:56:11 INFO  : ----------------XSDB Script (After Launch)----------------
targets -set -nocase -filter {name =~ "*microblaze*#0" && bscan=="USER2" }
con
----------------End of Script----------------

11:56:11 INFO  : Disconnected from the channel tcfchan#2.
12:34:47 DEBUG : Logs will be stored at 'C:/Users/cherr/ece385/ECE385_Lab7/lab6.2workspace/IDE.log'.
12:34:47 INFO  : Launching XSCT server: xsct.bat -n  -interactive C:\Users\cherr\ece385\ECE385_Lab7\lab6.2workspace\temp_xsdb_launch_script.tcl
12:34:49 INFO  : XSCT server has started successfully.
12:34:49 INFO  : plnx-install-location is set to ''
12:34:49 INFO  : Successfully done setting XSCT server connection channel  
12:34:49 INFO  : Successfully done setting workspace for the tool. 
12:34:50 ERROR : Error encountered while initializing user repository paths
Reason: No Platforms Found.


12:34:50 INFO  : Platform repository initialization has completed.
12:34:50 INFO  : Registering command handlers for Vitis TCF services
12:34:50 INFO  : Successfully done query RDI_DATADIR 
12:40:33 ERROR : Invalid hardware specification '${sdxTcfLaunchFile:project=bruh2;fileType=hw;}' in launch configuration 'Debugger_bruh2-GDB'.
12:40:54 ERROR : Failed to update hardware specification for project 'mb_usb_hdmi_top'.
Reason: Failed to execute command 'platform config -updatehw {C:/Users/cherr/ECE385_Lab7/mb_usb_hdmi_top.xsa}'. Click on details for more information.
12:41:07 ERROR : Failed to update hardware specification for project 'mb_usb_hdmi_top'.
Reason: Failed to execute command 'platform config -updatehw {C:/Users/cherr/ECE385_Lab7/mb_usb_hdmi_top.xsa}'. Click on details for more information.
12:41:36 INFO  : Hardware specification for platform project 'mb_usb_hdmi_top' is updated.
12:41:44 INFO  : Result from executing command 'getProjects': mb_usb_hdmi_top
12:41:44 INFO  : Result from executing command 'getPlatforms': 
12:41:44 INFO  : Checking for BSP changes to sync application flags for project 'bruh2'...
12:41:44 INFO  : Updating application flags with new BSP settings...
12:41:45 INFO  : Successfully updated application flags for project bruh2.
12:41:45 INFO  : The hardware specification used by project 'bruh2' is out of sync with the platform. Resource files extracted from the hardware specification will be updated.
12:41:45 INFO  : The file 'C:\Users\cherr\ece385\ECE385_Lab7\lab6.2workspace\bruh2\_ide\bitstream\mb_usb_hdmi_top.bit' stored in project is removed.
12:41:45 INFO  : The file 'C:\Users\cherr\ece385\ECE385_Lab7\lab6.2workspace\bruh2\_ide\bitstream\mb_usb_hdmi_top.mmi' stored in project is removed.
12:41:45 INFO  : The updated bitstream files are copied from platform to folder 'C:\Users\cherr\ece385\ECE385_Lab7\lab6.2workspace\bruh2\_ide\bitstream' in project 'bruh2'.
12:43:32 DEBUG : Logs will be stored at 'C:/Users/cherr/ece385/ECE385_Lab7/workspace5/IDE.log'.
12:43:33 INFO  : Launching XSCT server: xsct.bat -n  -interactive C:\Users\cherr\ece385\ECE385_Lab7\workspace5\temp_xsdb_launch_script.tcl
12:43:34 INFO  : Platform repository initialization has completed.
12:43:35 INFO  : XSCT server has started successfully.
12:43:35 INFO  : plnx-install-location is set to ''
12:43:35 INFO  : Successfully done setting XSCT server connection channel  
12:43:35 INFO  : Successfully done setting workspace for the tool. 
12:43:35 INFO  : Successfully done query RDI_DATADIR 
12:43:36 INFO  : Registering command handlers for Vitis TCF services
12:43:56 INFO  : Hardware specification for platform project 'mb_usb_hdmi_top' is updated.
12:44:06 INFO  : Result from executing command 'getProjects': mb_usb_hdmi_top
12:44:06 INFO  : Result from executing command 'getPlatforms': mb_usb_hdmi_top|C:/Users/cherr/ece385/ECE385_Lab7/workspace5/mb_usb_hdmi_top/export/mb_usb_hdmi_top/mb_usb_hdmi_top.xpfm
12:44:07 INFO  : Checking for BSP changes to sync application flags for project 'bruh2'...
12:44:07 INFO  : Updating application flags with new BSP settings...
12:44:07 INFO  : Successfully updated application flags for project bruh2.
12:44:09 INFO  : The hardware specification used by project 'bruh2' is out of sync with the platform. Resource files extracted from the hardware specification will be updated.
12:44:09 INFO  : The file 'C:\Users\cherr\ece385\ECE385_Lab7\workspace5\bruh2\_ide\bitstream\HDMI_toplevel.bit' stored in project is removed.
12:44:09 INFO  : The file 'C:\Users\cherr\ece385\ECE385_Lab7\workspace5\bruh2\_ide\bitstream\HDMI_toplevel.mmi' stored in project is removed.
12:44:09 INFO  : The updated bitstream files are copied from platform to folder 'C:\Users\cherr\ece385\ECE385_Lab7\workspace5\bruh2\_ide\bitstream' in project 'bruh2'.
12:44:15 INFO  : Connected to target on host '127.0.0.1' and port '3121'.
12:44:16 INFO  : Jtag cable 'RealDigital Boo 88742923007DA' is selected.
12:44:16 INFO  : 'jtag frequency' command is executed.
12:44:16 INFO  : 'targets -set -filter {jtag_cable_name =~ "RealDigital Boo 88742923007DA" && level==0 && jtag_device_ctx=="jsn1-0362f093-0"}' command is executed.
12:44:17 INFO  : Device configured successfully with "C:/Users/cherr/ece385/ECE385_Lab7/workspace5/bruh2/_ide/bitstream/mb_usb_hdmi_top.bit"
12:44:17 INFO  : Context for processor 'microblaze_0' is selected.
12:44:17 INFO  : Hardware design and registers information is loaded from 'C:/Users/cherr/ece385/ECE385_Lab7/workspace5/mb_usb_hdmi_top/export/mb_usb_hdmi_top/hw/mb_usb_hdmi_top.xsa'.
12:44:17 INFO  : 'configparams mdm-detect-bscan-mask 2' command is executed.
12:44:17 INFO  : Context for processor 'microblaze_0' is selected.
12:44:17 INFO  : System reset is completed.
12:44:20 INFO  : 'after 3000' command is executed.
12:44:21 INFO  : Context for processor 'microblaze_0' is selected.
12:44:21 INFO  : The application 'C:/Users/cherr/ece385/ECE385_Lab7/workspace5/bruh2/Debug/bruh2.elf' is downloaded to processor 'microblaze_0'.
12:44:21 INFO  : ----------------XSDB Script----------------
connect -url tcp:127.0.0.1:3121
targets -set -filter {jtag_cable_name =~ "RealDigital Boo 88742923007DA" && level==0 && jtag_device_ctx=="jsn1-0362f093-0"}
fpga -file C:/Users/cherr/ece385/ECE385_Lab7/workspace5/bruh2/_ide/bitstream/mb_usb_hdmi_top.bit
targets -set -nocase -filter {name =~ "*microblaze*#0" && bscan=="USER2" }
loadhw -hw C:/Users/cherr/ece385/ECE385_Lab7/workspace5/mb_usb_hdmi_top/export/mb_usb_hdmi_top/hw/mb_usb_hdmi_top.xsa -regs
configparams mdm-detect-bscan-mask 2
targets -set -nocase -filter {name =~ "*microblaze*#0" && bscan=="USER2" }
rst -system
after 3000
targets -set -nocase -filter {name =~ "*microblaze*#0" && bscan=="USER2" }
dow C:/Users/cherr/ece385/ECE385_Lab7/workspace5/bruh2/Debug/bruh2.elf
----------------End of Script----------------

12:44:21 INFO  : Context for processor 'microblaze_0' is selected.
12:44:21 INFO  : 'con' command is executed.
12:44:21 INFO  : ----------------XSDB Script (After Launch)----------------
targets -set -nocase -filter {name =~ "*microblaze*#0" && bscan=="USER2" }
con
----------------End of Script----------------

12:44:21 INFO  : Disconnected from the channel tcfchan#2.
12:45:52 DEBUG : Logs will be stored at 'C:/Users/cherr/ece385/ECE385_Lab7/lab6.2workspace/IDE.log'.
12:45:52 INFO  : Launching XSCT server: xsct.bat -n  -interactive C:\Users\cherr\ece385\ECE385_Lab7\lab6.2workspace\temp_xsdb_launch_script.tcl
12:45:53 INFO  : Platform repository initialization has completed.
12:45:54 INFO  : XSCT server has started successfully.
12:45:54 INFO  : plnx-install-location is set to ''
12:45:54 INFO  : Successfully done setting XSCT server connection channel  
12:45:54 INFO  : Successfully done setting workspace for the tool. 
12:45:55 INFO  : Successfully done query RDI_DATADIR 
12:45:55 INFO  : Registering command handlers for Vitis TCF services
12:46:04 INFO  : Hardware specification for platform project 'mb_usb_hdmi_top' is updated.
12:46:13 INFO  : Result from executing command 'getProjects': mb_usb_hdmi_top
12:46:13 INFO  : Result from executing command 'getPlatforms': mb_usb_hdmi_top|C:/Users/cherr/ece385/ECE385_Lab7/lab6.2workspace/mb_usb_hdmi_top/export/mb_usb_hdmi_top/mb_usb_hdmi_top.xpfm
12:46:14 INFO  : Checking for BSP changes to sync application flags for project 'bruh2'...
12:46:24 INFO  : Connected to target on host '127.0.0.1' and port '3121'.
12:46:24 INFO  : Jtag cable 'RealDigital Boo 88742923007DA' is selected.
12:46:24 INFO  : 'jtag frequency' command is executed.
12:46:24 INFO  : 'targets -set -filter {jtag_cable_name =~ "RealDigital Boo 88742923007DA" && level==0 && jtag_device_ctx=="jsn1-0362f093-0"}' command is executed.
12:46:25 INFO  : Device configured successfully with "C:/Users/cherr/ece385/ECE385_Lab7/lab6.2workspace/bruh2/_ide/bitstream/mb_usb_hdmi_top.bit"
12:46:26 INFO  : Context for processor 'microblaze_0' is selected.
12:46:26 INFO  : Hardware design and registers information is loaded from 'C:/Users/cherr/ece385/ECE385_Lab7/lab6.2workspace/mb_usb_hdmi_top/export/mb_usb_hdmi_top/hw/mb_usb_hdmi_top.xsa'.
12:46:26 INFO  : 'configparams mdm-detect-bscan-mask 2' command is executed.
12:46:26 INFO  : Context for processor 'microblaze_0' is selected.
12:46:26 INFO  : System reset is completed.
12:46:29 INFO  : 'after 3000' command is executed.
12:46:29 INFO  : Context for processor 'microblaze_0' is selected.
12:46:29 INFO  : The application 'C:/Users/cherr/ece385/ECE385_Lab7/lab6.2workspace/bruh2/Debug/bruh2.elf' is downloaded to processor 'microblaze_0'.
12:46:29 INFO  : ----------------XSDB Script----------------
connect -url tcp:127.0.0.1:3121
targets -set -filter {jtag_cable_name =~ "RealDigital Boo 88742923007DA" && level==0 && jtag_device_ctx=="jsn1-0362f093-0"}
fpga -file C:/Users/cherr/ece385/ECE385_Lab7/lab6.2workspace/bruh2/_ide/bitstream/mb_usb_hdmi_top.bit
targets -set -nocase -filter {name =~ "*microblaze*#0" && bscan=="USER2" }
loadhw -hw C:/Users/cherr/ece385/ECE385_Lab7/lab6.2workspace/mb_usb_hdmi_top/export/mb_usb_hdmi_top/hw/mb_usb_hdmi_top.xsa -regs
configparams mdm-detect-bscan-mask 2
targets -set -nocase -filter {name =~ "*microblaze*#0" && bscan=="USER2" }
rst -system
after 3000
targets -set -nocase -filter {name =~ "*microblaze*#0" && bscan=="USER2" }
dow C:/Users/cherr/ece385/ECE385_Lab7/lab6.2workspace/bruh2/Debug/bruh2.elf
----------------End of Script----------------

12:46:29 INFO  : Context for processor 'microblaze_0' is selected.
12:46:29 INFO  : 'con' command is executed.
12:46:29 INFO  : ----------------XSDB Script (After Launch)----------------
targets -set -nocase -filter {name =~ "*microblaze*#0" && bscan=="USER2" }
con
----------------End of Script----------------

12:46:29 INFO  : Disconnected from the channel tcfchan#2.
